Arguments: 
  D:\Program\nodejs\node.exe D:\Program\yarn\bin\yarn.js init

PATH: 
  D:\Program\cmder\vendor\git-for-windows\mingw64\bin;D:\Program\cmder\vendor\git-for-windows\usr\bin;C:\Users\lispr\bin;D:\Jirengu\RUA-UI\node_modules\.bin;C:\Windows\system32;C:\Windows;C:\Windows\System32\Wbem;C:\Windows\System32\WindowsPowerShell\v1.0;C:\Windows\System32\OpenSSH;D:\GJ;C:\Program Files\NVIDIA Corporation\NVIDIA NvDLISR;C:\Program Files (x86)\NVIDIA Corporation\PhysX\Common;D:\Program\nodejs;D:\Program\yarn\bin;D:\Software\hugo;D:\Program\cmder;C:\Users\lispr\AppData\Local\Programs\Python\Python37\Scripts;C:\Users\lispr\AppData\Local\Programs\Python\Python37;C:\Users\lispr\AppData\Local\Microsoft\WindowsApps;C:\Users\lispr\AppData\Local\Programs\Microsoft VS Code\bin;C:\Users\lispr\AppData\Roaming\npm;C:\Users\lispr\AppData\Local\Yarn\bin;D:\Software\hugo;D:\Program\cmder;C:\Users\lispr\AppData\Local\atom\bin;D:\Software\WebStorm 2019.3.1\bin

Yarn version: 
  1.17.3

Node version: 
  8.16.1

Platform: 
  win32 x64

Trace: 
  Error: canceled
      at Interface.<anonymous> (D:\Program\yarn\lib\cli.js:136724:13)
      at emitNone (events.js:106:13)
      at Interface.emit (events.js:208:7)
      at Interface._ttyWrite (readline.js:774:16)
      at ReadStream.onkeypress (readline.js:158:10)
      at emitTwo (events.js:126:13)
      at ReadStream.emit (events.js:214:7)
      at emitKeys (internal/readline.js:420:14)
      at emitKeys.next (<anonymous>)
      at ReadStream.onData (readline.js:1010:36)

npm manifest: 
  {
    "name": "goutouren-2020",
    "version": "0.0.1",
    "description": "一个自制UI框架",
    "main": "index.js",
    "scripts": {
      "dev-test": "parcel watch test/* --no-cache & karma start",
      "test": "parcel build test/* --no-cache --no-minify && karma start --single-run"
    },
    "repository": "git@github.com:Ruaxin/ruaui.git",
    "author": "ruaxin <qy.xin@foxmail.com>",
    "license": "MIT",
    "dependencies": {
      "vue": "^2.5.16",
      "vue-hot-reload-api": "^2.3.0"
    },
    "devDependencies": {
      "@vue/component-compiler-utils": "^2.0.0",
      "chai": "^4.1.2",
      "chai-spies": "^1.0.0",
      "karma": "^2.0.4",
      "karma-chai": "^0.1.0",
      "karma-chai-spies": "^0.1.4",
      "karma-chrome-launcher": "^2.2.0",
      "karma-mocha": "^1.3.0",
      "karma-sinon-chai": "^1.3.4",
      "mocha": "^5.2.0",
      "node-sass": "^4.9.0",
      "parcel-bundler": "^1.9.2",
      "parcel-bundler": "^1.9.3",
      "sinon": "^6.0.1",
      "sinon-chai": "^3.2.0",
      "vue-template-compiler": "^2.5.16"
    },
    "alias": {
      "vue": "./node_modules/vue/dist/vue.common.js"
    }
  }

yarn manifest: 
  No manifest

Lockfile: 
  # THIS IS AN AUTOGENERATED FILE. DO NOT EDIT THIS FILE DIRECTLY.
  # yarn lockfile v1
  
  
  "@sinonjs/commons@^1", "@sinonjs/commons@^1.6.0", "@sinonjs/commons@^1.7.0":
    version "1.7.1"
    resolved "https://registry.npm.taobao.org/@sinonjs/commons/download/@sinonjs/commons-1.7.1.tgz#da5fd19a5f71177a53778073978873964f49acf1"
    integrity sha1-2l/Rml9xF3pTd4Bzl4hzlk9JrPE=
    dependencies:
      type-detect "4.0.8"
  
  "@sinonjs/fake-timers@^6.0.0":
    version "6.0.0"
    resolved "https://registry.npm.taobao.org/@sinonjs/fake-timers/download/@sinonjs/fake-timers-6.0.0.tgz#b64b0faadfdd01a6dcf0c4dcdb78438d86fa7dbf"
    integrity sha1-tksPqt/dAabc8MTc23hDjYb6fb8=
    dependencies:
      "@sinonjs/commons" "^1.7.0"
  
  "@sinonjs/formatio@^5.0.0":
    version "5.0.1"
    resolved "https://registry.npm.taobao.org/@sinonjs/formatio/download/@sinonjs/formatio-5.0.1.tgz#f13e713cb3313b1ab965901b01b0828ea6b77089"
    integrity sha1-8T5xPLMxOxq5ZZAbAbCCjqa3cIk=
    dependencies:
      "@sinonjs/commons" "^1"
      "@sinonjs/samsam" "^5.0.2"
  
  "@sinonjs/samsam@^5.0.1", "@sinonjs/samsam@^5.0.2":
    version "5.0.3"
    resolved "https://registry.npm.taobao.org/@sinonjs/samsam/download/@sinonjs/samsam-5.0.3.tgz?cache=0&sync_timestamp=1582903014511&other_urls=https%3A%2F%2Fregistry.npm.taobao.org%2F%40sinonjs%2Fsamsam%2Fdownload%2F%40sinonjs%2Fsamsam-5.0.3.tgz#86f21bdb3d52480faf0892a480c9906aa5a52938"
    integrity sha1-hvIb2z1SSA+vCJKkgMmQaqWlKTg=
    dependencies:
      "@sinonjs/commons" "^1.6.0"
      lodash.get "^4.4.2"
      type-detect "^4.0.8"
  
  "@sinonjs/text-encoding@^0.7.1":
    version "0.7.1"
    resolved "https://registry.npm.taobao.org/@sinonjs/text-encoding/download/@sinonjs/text-encoding-0.7.1.tgz#8da5c6530915653f3a1f38fd5f101d8c3f8079c5"
    integrity sha1-jaXGUwkVZT86Hzj9XxAdjD+AecU=
  
  "@vue/component-compiler-utils@^3.1.1":
    version "3.1.1"
    resolved "https://registry.npm.taobao.org/@vue/component-compiler-utils/download/@vue/component-compiler-utils-3.1.1.tgz#d4ef8f80292674044ad6211e336a302e4d2a6575"
    integrity sha1-1O+PgCkmdARK1iEeM2owLk0qZXU=
    dependencies:
      consolidate "^0.15.1"
      hash-sum "^1.0.2"
      lru-cache "^4.1.2"
      merge-source-map "^1.1.0"
      postcss "^7.0.14"
      postcss-selector-parser "^6.0.2"
      prettier "^1.18.2"
      source-map "~0.6.1"
      vue-template-es2015-compiler "^1.9.0"
  
  accepts@~1.3.4:
    version "1.3.7"
    resolved "https://registry.npm.taobao.org/accepts/download/accepts-1.3.7.tgz#531bc726517a3b2b41f850021c6cc15eaab507cd"
    integrity sha1-UxvHJlF6OytB+FACHGzBXqq1B80=
    dependencies:
      mime-types "~2.1.24"
      negotiator "0.6.2"
  
  after@0.8.2:
    version "0.8.2"
    resolved "https://registry.npm.taobao.org/after/download/after-0.8.2.tgz#fedb394f9f0e02aa9768e702bda23b505fae7e1f"
    integrity sha1-/ts5T58OAqqXaOcCvaI7UF+ufh8=
  
  ansi-colors@3.2.3:
    version "3.2.3"
    resolved "https://registry.npm.taobao.org/ansi-colors/download/ansi-colors-3.2.3.tgz#57d35b8686e851e2cc04c403f1c00203976a1813"
    integrity sha1-V9NbhoboUeLMBMQD8cACA5dqGBM=
  
  ansi-regex@^3.0.0:
    version "3.0.0"
    resolved "https://registry.npm.taobao.org/ansi-regex/download/ansi-regex-3.0.0.tgz#ed0317c322064f79466c02966bddb605ab37d998"
    integrity sha1-7QMXwyIGT3lGbAKWa922Bas32Zg=
  
  ansi-regex@^4.1.0:
    version "4.1.0"
    resolved "https://registry.npm.taobao.org/ansi-regex/download/ansi-regex-4.1.0.tgz#8b9f8f08cf1acb843756a839ca8c7e3168c51997"
    integrity sha1-i5+PCM8ay4Q3Vqg5yox+MWjFGZc=
  
  ansi-styles@^3.2.0, ansi-styles@^3.2.1:
    version "3.2.1"
    resolved "https://registry.npm.taobao.org/ansi-styles/download/ansi-styles-3.2.1.tgz?cache=0&other_urls=https%3A%2F%2Fregistry.npm.taobao.org%2Fansi-styles%2Fdownload%2Fansi-styles-3.2.1.tgz#41fbb20243e50b12be0f04b8dedbf07520ce841d"
    integrity sha1-QfuyAkPlCxK+DwS43tvwdSDOhB0=
    dependencies:
      color-convert "^1.9.0"
  
  anymatch@~3.1.1:
    version "3.1.1"
    resolved "https://registry.npm.taobao.org/anymatch/download/anymatch-3.1.1.tgz#c55ecf02185e2469259399310c173ce31233b142"
    integrity sha1-xV7PAhheJGklk5kxDBc84xIzsUI=
    dependencies:
      normalize-path "^3.0.0"
      picomatch "^2.0.4"
  
  argparse@^1.0.7:
    version "1.0.10"
    resolved "https://registry.npm.taobao.org/argparse/download/argparse-1.0.10.tgz?cache=0&sync_timestamp=1571657259891&other_urls=https%3A%2F%2Fregistry.npm.taobao.org%2Fargparse%2Fdownload%2Fargparse-1.0.10.tgz#bcd6791ea5ae09725e17e5ad988134cd40b3d911"
    integrity sha1-vNZ5HqWuCXJeF+WtmIE0zUCz2RE=
    dependencies:
      sprintf-js "~1.0.2"
  
  arraybuffer.slice@~0.0.7:
    version "0.0.7"
    resolved "https://registry.npm.taobao.org/arraybuffer.slice/download/arraybuffer.slice-0.0.7.tgz#3bbc4275dd584cc1b10809b89d4e8b63a69e7675"
    integrity sha1-O7xCdd1YTMGxCAm4nU6LY6aednU=
  
  assertion-error@^1.1.0:
    version "1.1.0"
    resolved "https://registry.npm.taobao.org/assertion-error/download/assertion-error-1.1.0.tgz#e60b6b0e8f301bd97e5375215bda406c85118c0b"
    integrity sha1-5gtrDo8wG9l+U3UhW9pAbIURjAs=
  
  async-limiter@~1.0.0:
    version "1.0.1"
    resolved "https://registry.npm.taobao.org/async-limiter/download/async-limiter-1.0.1.tgz?cache=0&other_urls=https%3A%2F%2Fregistry.npm.taobao.org%2Fasync-limiter%2Fdownload%2Fasync-limiter-1.0.1.tgz#dd379e94f0db8310b08291f9d64c3209766617fd"
    integrity sha1-3TeelPDbgxCwgpH51kwyCXZmF/0=
  
  async@^2.6.2:
    version "2.6.3"
    resolved "https://registry.npm.taobao.org/async/download/async-2.6.3.tgz#d72625e2344a3656e3a3ad4fa749fa83299d82ff"
    integrity sha1-1yYl4jRKNlbjo61Pp0n6gymdgv8=
    dependencies:
      lodash "^4.17.14"
  
  backo2@1.0.2:
    version "1.0.2"
    resolved "https://registry.npm.taobao.org/backo2/download/backo2-1.0.2.tgz#31ab1ac8b129363463e35b3ebb69f4dfcfba7947"
    integrity sha1-MasayLEpNjRj41s+u2n038+6eUc=
  
  balanced-match@^1.0.0:
    version "1.0.0"
    resolved "https://registry.npm.taobao.org/balanced-match/download/balanced-match-1.0.0.tgz#89b4d199ab2bee49de164ea02b89ce462d71b767"
    integrity sha1-ibTRmasr7kneFk6gK4nORi1xt2c=
  
  base64-arraybuffer@0.1.5:
    version "0.1.5"
    resolved "https://registry.npm.taobao.org/base64-arraybuffer/download/base64-arraybuffer-0.1.5.tgz#73926771923b5a19747ad666aa5cd4bf9c6e9ce8"
    integrity sha1-c5JncZI7Whl0etZmqlzUv5xunOg=
  
  base64id@1.0.0:
    version "1.0.0"
    resolved "https://registry.npm.taobao.org/base64id/download/base64id-1.0.0.tgz#47688cb99bb6804f0e06d3e763b1c32e57d8e6b6"
    integrity sha1-R2iMuZu2gE8OBtPnY7HDLlfY5rY=
  
  better-assert@~1.0.0:
    version "1.0.2"
    resolved "https://registry.npm.taobao.org/better-assert/download/better-assert-1.0.2.tgz#40866b9e1b9e0b55b481894311e68faffaebc522"
    integrity sha1-QIZrnhueC1W0gYlDEeaPr/rrxSI=
    dependencies:
      callsite "1.0.0"
  
  binary-extensions@^2.0.0:
    version "2.0.0"
    resolved "https://registry.npm.taobao.org/binary-extensions/download/binary-extensions-2.0.0.tgz#23c0df14f6a88077f5f986c0d167ec03c3d5537c"
    integrity sha1-I8DfFPaogHf1+YbA0WfsA8PVU3w=
  
  blob@0.0.5:
    version "0.0.5"
    resolved "https://registry.npm.taobao.org/blob/download/blob-0.0.5.tgz?cache=0&sync_timestamp=1580722883513&other_urls=https%3A%2F%2Fregistry.npm.taobao.org%2Fblob%2Fdownload%2Fblob-0.0.5.tgz#d680eeef25f8cd91ad533f5b01eed48e64caf683"
    integrity sha1-1oDu7yX4zZGtUz9bAe7UjmTK9oM=
  
  bluebird@^3.1.1, bluebird@^3.3.0:
    version "3.7.2"
    resolved "https://registry.npm.taobao.org/bluebird/download/bluebird-3.7.2.tgz#9f229c15be272454ffa973ace0dbee79a1b0c36f"
    integrity sha1-nyKcFb4nJFT/qXOs4NvueaGww28=
  
  body-parser@^1.16.1:
    version "1.19.0"
    resolved "https://registry.npm.taobao.org/body-parser/download/body-parser-1.19.0.tgz#96b2709e57c9c4e09a6fd66a8fd979844f69f08a"
    integrity sha1-lrJwnlfJxOCab9Zqj9l5hE9p8Io=
    dependencies:
      bytes "3.1.0"
      content-type "~1.0.4"
      debug "2.6.9"
      depd "~1.1.2"
      http-errors "1.7.2"
      iconv-lite "0.4.24"
      on-finished "~2.3.0"
      qs "6.7.0"
      raw-body "2.4.0"
      type-is "~1.6.17"
  
  brace-expansion@^1.1.7:
    version "1.1.11"
    resolved "https://registry.npm.taobao.org/brace-expansion/download/brace-expansion-1.1.11.tgz#3c7fcbf529d87226f3d2f52b966ff5271eb441dd"
    integrity sha1-PH/L9SnYcibz0vUrlm/1Jx60Qd0=
    dependencies:
      balanced-match "^1.0.0"
      concat-map "0.0.1"
  
  braces@^3.0.2, braces@~3.0.2:
    version "3.0.2"
    resolved "https://registry.npm.taobao.org/braces/download/braces-3.0.2.tgz#3454e1a462ee8d599e236df336cd9ea4f8afe107"
    integrity sha1-NFThpGLujVmeI23zNs2epPiv4Qc=
    dependencies:
      fill-range "^7.0.1"
  
  browser-stdout@1.3.1:
    version "1.3.1"
    resolved "https://registry.npm.taobao.org/browser-stdout/download/browser-stdout-1.3.1.tgz#baa559ee14ced73452229bad7326467c61fabd60"
    integrity sha1-uqVZ7hTO1zRSIputcyZGfGH6vWA=
  
  buffer-alloc-unsafe@^1.1.0:
    version "1.1.0"
    resolved "https://registry.npm.taobao.org/buffer-alloc-unsafe/download/buffer-alloc-unsafe-1.1.0.tgz#bd7dc26ae2972d0eda253be061dba992349c19f0"
    integrity sha1-vX3CauKXLQ7aJTvgYdupkjScGfA=
  
  buffer-alloc@^1.2.0:
    version "1.2.0"
    resolved "https://registry.npm.taobao.org/buffer-alloc/download/buffer-alloc-1.2.0.tgz#890dd90d923a873e08e10e5fd51a57e5b7cce0ec"
    integrity sha1-iQ3ZDZI6hz4I4Q5f1RpX5bfM4Ow=
    dependencies:
      buffer-alloc-unsafe "^1.1.0"
      buffer-fill "^1.0.0"
  
  buffer-fill@^1.0.0:
    version "1.0.0"
    resolved "https://registry.npm.taobao.org/buffer-fill/download/buffer-fill-1.0.0.tgz#f8f78b76789888ef39f205cd637f68e702122b2c"
    integrity sha1-+PeLdniYiO858gXNY39o5wISKyw=
  
  bytes@3.1.0:
    version "3.1.0"
    resolved "https://registry.npm.taobao.org/bytes/download/bytes-3.1.0.tgz#f6cf7933a360e0588fa9fde85651cdc7f805d1f6"
    integrity sha1-9s95M6Ng4FiPqf3oVlHNx/gF0fY=
  
  callsite@1.0.0:
    version "1.0.0"
    resolved "https://registry.npm.taobao.org/callsite/download/callsite-1.0.0.tgz#280398e5d664bd74038b6f0905153e6e8af1bc20"
    integrity sha1-KAOY5dZkvXQDi28JBRU+borxvCA=
  
  camelcase@^5.0.0:
    version "5.3.1"
    resolved "https://registry.npm.taobao.org/camelcase/download/camelcase-5.3.1.tgz#e3c9b31569e106811df242f715725a1f4c494320"
    integrity sha1-48mzFWnhBoEd8kL3FXJaH0xJQyA=
  
  chai-spies@^1.0.0:
    version "1.0.0"
    resolved "https://registry.npm.taobao.org/chai-spies/download/chai-spies-1.0.0.tgz#d16b39336fb316d03abf8c375feb23c0c8bb163d"
    integrity sha1-0Ws5M2+zFtA6v4w3X+sjwMi7Fj0=
  
  chai@^4.2.0:
    version "4.2.0"
    resolved "https://registry.npm.taobao.org/chai/download/chai-4.2.0.tgz#760aa72cf20e3795e84b12877ce0e83737aa29e5"
    integrity sha1-dgqnLPION5XoSxKHfODoNzeqKeU=
    dependencies:
      assertion-error "^1.1.0"
      check-error "^1.0.2"
      deep-eql "^3.0.1"
      get-func-name "^2.0.0"
      pathval "^1.1.0"
      type-detect "^4.0.5"
  
  chalk@^2.4.2:
    version "2.4.2"
    resolved "https://registry.npm.taobao.org/chalk/download/chalk-2.4.2.tgz?cache=0&sync_timestamp=1573282949696&other_urls=https%3A%2F%2Fregistry.npm.taobao.org%2Fchalk%2Fdownload%2Fchalk-2.4.2.tgz#cd42541677a54333cf541a49108c1432b44c9424"
    integrity sha1-zUJUFnelQzPPVBpJEIwUMrRMlCQ=
    dependencies:
      ansi-styles "^3.2.1"
      escape-string-regexp "^1.0.5"
      supports-color "^5.3.0"
  
  check-error@^1.0.2:
    version "1.0.2"
    resolved "https://registry.npm.taobao.org/check-error/download/check-error-1.0.2.tgz#574d312edd88bb5dd8912e9286dd6c0aed4aac82"
    integrity sha1-V00xLt2Iu13YkS6Sht1sCu1KrII=
  
  chokidar@3.3.0:
    version "3.3.0"
    resolved "https://registry.npm.taobao.org/chokidar/download/chokidar-3.3.0.tgz#12c0714668c55800f659e262d4962a97faf554a6"
    integrity sha1-EsBxRmjFWAD2WeJi1JYql/r1VKY=
    dependencies:
      anymatch "~3.1.1"
      braces "~3.0.2"
      glob-parent "~5.1.0"
      is-binary-path "~2.1.0"
      is-glob "~4.0.1"
      normalize-path "~3.0.0"
      readdirp "~3.2.0"
    optionalDependencies:
      fsevents "~2.1.1"
  
  "chokidar@>=2.0.0 <4.0.0", chokidar@^3.0.0:
    version "3.3.1"
    resolved "https://registry.npm.taobao.org/chokidar/download/chokidar-3.3.1.tgz#c84e5b3d18d9a4d77558fef466b1bf16bbeb3450"
    integrity sha1-yE5bPRjZpNd1WP70ZrG/FrvrNFA=
    dependencies:
      anymatch "~3.1.1"
      braces "~3.0.2"
      glob-parent "~5.1.0"
      is-binary-path "~2.1.0"
      is-glob "~4.0.1"
      normalize-path "~3.0.0"
      readdirp "~3.3.0"
    optionalDependencies:
      fsevents "~2.1.2"
  
  cliui@^5.0.0:
    version "5.0.0"
    resolved "https://registry.npm.taobao.org/cliui/download/cliui-5.0.0.tgz?cache=0&sync_timestamp=1573943292170&other_urls=https%3A%2F%2Fregistry.npm.taobao.org%2Fcliui%2Fdownload%2Fcliui-5.0.0.tgz#deefcfdb2e800784aa34f46fa08e06851c7bbbc5"
    integrity sha1-3u/P2y6AB4SqNPRvoI4GhRx7u8U=
    dependencies:
      string-width "^3.1.0"
      strip-ansi "^5.2.0"
      wrap-ansi "^5.1.0"
  
  color-convert@^1.9.0:
    version "1.9.3"
    resolved "https://registry.npm.taobao.org/color-convert/download/color-convert-1.9.3.tgz#bb71850690e1f136567de629d2d5471deda4c1e8"
    integrity sha1-u3GFBpDh8TZWfeYp0tVHHe2kweg=
    dependencies:
      color-name "1.1.3"
  
  color-name@1.1.3:
    version "1.1.3"
    resolved "https://registry.npm.taobao.org/color-name/download/color-name-1.1.3.tgz#a7d0558bd89c42f795dd42328f740831ca53bc25"
    integrity sha1-p9BVi9icQveV3UIyj3QIMcpTvCU=
  
  colors@^1.1.0:
    version "1.4.0"
    resolved "https://registry.npm.taobao.org/colors/download/colors-1.4.0.tgz#c50491479d4c1bdaed2c9ced32cf7c7dc2360f78"
    integrity sha1-xQSRR51MG9rtLJztMs98fcI2D3g=
  
  component-bind@1.0.0:
    version "1.0.0"
    resolved "https://registry.npm.taobao.org/component-bind/download/component-bind-1.0.0.tgz#00c608ab7dcd93897c0009651b1d3a8e1e73bbd1"
    integrity sha1-AMYIq33Nk4l8AAllGx06jh5zu9E=
  
  component-emitter@1.2.1:
    version "1.2.1"
    resolved "https://registry.npm.taobao.org/component-emitter/download/component-emitter-1.2.1.tgz#137918d6d78283f7df7a6b7c5a63e140e69425e6"
    integrity sha1-E3kY1teCg/ffemt8WmPhQOaUJeY=
  
  component-inherit@0.0.3:
    version "0.0.3"
    resolved "https://registry.npm.taobao.org/component-inherit/download/component-inherit-0.0.3.tgz#645fc4adf58b72b649d5cae65135619db26ff143"
    integrity sha1-ZF/ErfWLcrZJ1crmUTVhnbJv8UM=
  
  concat-map@0.0.1:
    version "0.0.1"
    resolved "https://registry.npm.taobao.org/concat-map/download/concat-map-0.0.1.tgz#d8a96bd77fd68df7793a73036a3ba0d5405d477b"
    integrity sha1-2Klr13/Wjfd5OnMDajug1UBdR3s=
  
  connect@^3.6.0:
    version "3.7.0"
    resolved "https://registry.npm.taobao.org/connect/download/connect-3.7.0.tgz#5d49348910caa5e07a01800b030d0c35f20484f8"
    integrity sha1-XUk0iRDKpeB6AYALAw0MNfIEhPg=
    dependencies:
      debug "2.6.9"
      finalhandler "1.1.2"
      parseurl "~1.3.3"
      utils-merge "1.0.1"
  
  consolidate@^0.15.1:
    version "0.15.1"
    resolved "https://registry.npm.taobao.org/consolidate/download/consolidate-0.15.1.tgz#21ab043235c71a07d45d9aad98593b0dba56bab7"
    integrity sha1-IasEMjXHGgfUXZqtmFk7DbpWurc=
    dependencies:
      bluebird "^3.1.1"
  
  content-type@~1.0.4:
    version "1.0.4"
    resolved "https://registry.npm.taobao.org/content-type/download/content-type-1.0.4.tgz#e138cc75e040c727b1966fe5e5f8c9aee256fe3b"
    integrity sha1-4TjMdeBAxyexlm/l5fjJruJW/js=
  
  cookie@0.3.1:
    version "0.3.1"
    resolved "https://registry.npm.taobao.org/cookie/download/cookie-0.3.1.tgz#e7e0a1f9ef43b4c8ba925c5c5a96e806d16873bb"
    integrity sha1-5+Ch+e9DtMi6klxcWpboBtFoc7s=
  
  cssesc@^3.0.0:
    version "3.0.0"
    resolved "https://registry.npm.taobao.org/cssesc/download/cssesc-3.0.0.tgz#37741919903b868565e1c09ea747445cd18983ee"
    integrity sha1-N3QZGZA7hoVl4cCep0dEXNGJg+4=
  
  custom-event@~1.0.0:
    version "1.0.1"
    resolved "https://registry.npm.taobao.org/custom-event/download/custom-event-1.0.1.tgz#5d02a46850adf1b4a317946a3928fccb5bfd0425"
    integrity sha1-XQKkaFCt8bSjF5RqOSj8y1v9BCU=
  
  date-format@^2.0.0:
    version "2.1.0"
    resolved "https://registry.npm.taobao.org/date-format/download/date-format-2.1.0.tgz?cache=0&sync_timestamp=1572558653136&other_urls=https%3A%2F%2Fregistry.npm.taobao.org%2Fdate-format%2Fdownload%2Fdate-format-2.1.0.tgz#31d5b5ea211cf5fd764cd38baf9d033df7e125cf"
    integrity sha1-MdW16iEc9f12TNOLr50DPffhJc8=
  
  de-indent@^1.0.2:
    version "1.0.2"
    resolved "https://registry.npm.taobao.org/de-indent/download/de-indent-1.0.2.tgz#b2038e846dc33baa5796128d0804b455b8c1e21d"
    integrity sha1-sgOOhG3DO6pXlhKNCAS0VbjB4h0=
  
  debug@2.6.9:
    version "2.6.9"
    resolved "https://registry.npm.taobao.org/debug/download/debug-2.6.9.tgz#5d128515df134ff327e90a4c93f4e077a536341f"
    integrity sha1-XRKFFd8TT/Mn6QpMk/Tgd6U2NB8=
    dependencies:
      ms "2.0.0"
  
  debug@3.2.6, debug@^3.0.0, debug@^3.2.6:
    version "3.2.6"
    resolved "https://registry.npm.taobao.org/debug/download/debug-3.2.6.tgz#e83d17de16d8a7efb7717edbe5fb10135eee629b"
    integrity sha1-6D0X3hbYp++3cX7b5fsQE17uYps=
    dependencies:
      ms "^2.1.1"
  
  debug@^4.1.1:
    version "4.1.1"
    resolved "https://registry.npm.taobao.org/debug/download/debug-4.1.1.tgz#3b72260255109c6b589cee050f1d516139664791"
    integrity sha1-O3ImAlUQnGtYnO4FDx1RYTlmR5E=
    dependencies:
      ms "^2.1.1"
  
  debug@~3.1.0:
    version "3.1.0"
    resolved "https://registry.npm.taobao.org/debug/download/debug-3.1.0.tgz#5bb5a0672628b64149566ba16819e61518c67261"
    integrity sha1-W7WgZyYotkFJVmuhaBnmFRjGcmE=
    dependencies:
      ms "2.0.0"
  
  decamelize@^1.2.0:
    version "1.2.0"
    resolved "https://registry.npm.taobao.org/decamelize/download/decamelize-1.2.0.tgz#f6534d15148269b20352e7bee26f501f9a191290"
    integrity sha1-9lNNFRSCabIDUue+4m9QH5oZEpA=
  
  deep-eql@^3.0.1:
    version "3.0.1"
    resolved "https://registry.npm.taobao.org/deep-eql/download/deep-eql-3.0.1.tgz#dfc9404400ad1c8fe023e7da1df1c147c4b444df"
    integrity sha1-38lARACtHI/gI+faHfHBR8S0RN8=
    dependencies:
      type-detect "^4.0.0"
  
  define-properties@^1.1.2, define-properties@^1.1.3:
    version "1.1.3"
    resolved "https://registry.npm.taobao.org/define-properties/download/define-properties-1.1.3.tgz#cf88da6cbee26fe6db7094f61d870cbd84cee9f1"
    integrity sha1-z4jabL7ib+bbcJT2HYcMvYTO6fE=
    dependencies:
      object-keys "^1.0.12"
  
  depd@~1.1.2:
    version "1.1.2"
    resolved "https://registry.npm.taobao.org/depd/download/depd-1.1.2.tgz#9bcd52e14c097763e749b274c4346ed2e560b5a9"
    integrity sha1-m81S4UwJd2PnSbJ0xDRu0uVgtak=
  
  di@^0.0.1:
    version "0.0.1"
    resolved "https://registry.npm.taobao.org/di/download/di-0.0.1.tgz#806649326ceaa7caa3306d75d985ea2748ba913c"
    integrity sha1-gGZJMmzqp8qjMG112YXqJ0i6kTw=
  
  diff@3.5.0:
    version "3.5.0"
    resolved "https://registry.npm.taobao.org/diff/download/diff-3.5.0.tgz?cache=0&sync_timestamp=1578890967183&other_urls=https%3A%2F%2Fregistry.npm.taobao.org%2Fdiff%2Fdownload%2Fdiff-3.5.0.tgz#800c0dd1e0a8bfbc95835c202ad220fe317e5a12"
    integrity sha1-gAwN0eCov7yVg1wgKtIg/jF+WhI=
  
  diff@^4.0.2:
    version "4.0.2"
    resolved "https://registry.npm.taobao.org/diff/download/diff-4.0.2.tgz?cache=0&sync_timestamp=1578890967183&other_urls=https%3A%2F%2Fregistry.npm.taobao.org%2Fdiff%2Fdownload%2Fdiff-4.0.2.tgz#60f3aecb89d5fae520c11aa19efc2bb982aade7d"
    integrity sha1-YPOuy4nV+uUgwRqhnvwruYKq3n0=
  
  dom-serialize@^2.2.0:
    version "2.2.1"
    resolved "https://registry.npm.taobao.org/dom-serialize/download/dom-serialize-2.2.1.tgz#562ae8999f44be5ea3076f5419dcd59eb43ac95b"
    integrity sha1-ViromZ9Evl6jB29UGdzVnrQ6yVs=
    dependencies:
      custom-event "~1.0.0"
      ent "~2.2.0"
      extend "^3.0.0"
      void-elements "^2.0.0"
  
  ee-first@1.1.1:
    version "1.1.1"
    resolved "https://registry.npm.taobao.org/ee-first/download/ee-first-1.1.1.tgz#590c61156b0ae2f4f0255732a158b266bc56b21d"
    integrity sha1-WQxhFWsK4vTwJVcyoViyZrxWsh0=
  
  emoji-regex@^7.0.1:
    version "7.0.3"
    resolved "https://registry.npm.taobao.org/emoji-regex/download/emoji-regex-7.0.3.tgz#933a04052860c85e83c122479c4748a8e4c72156"
    integrity sha1-kzoEBShgyF6DwSJHnEdIqOTHIVY=
  
  encodeurl@~1.0.2:
    version "1.0.2"
    resolved "https://registry.npm.taobao.org/encodeurl/download/encodeurl-1.0.2.tgz#ad3ff4c86ec2d029322f5a02c3a9a606c95b3f59"
    integrity sha1-rT/0yG7C0CkyL1oCw6mmBslbP1k=
  
  engine.io-client@~3.2.0:
    version "3.2.1"
    resolved "https://registry.npm.taobao.org/engine.io-client/download/engine.io-client-3.2.1.tgz?cache=0&sync_timestamp=1581492836966&other_urls=https%3A%2F%2Fregistry.npm.taobao.org%2Fengine.io-client%2Fdownload%2Fengine.io-client-3.2.1.tgz#6f54c0475de487158a1a7c77d10178708b6add36"
    integrity sha1-b1TAR13khxWKGnx30QF4cItq3TY=
    dependencies:
      component-emitter "1.2.1"
      component-inherit "0.0.3"
      debug "~3.1.0"
      engine.io-parser "~2.1.1"
      has-cors "1.1.0"
      indexof "0.0.1"
      parseqs "0.0.5"
      parseuri "0.0.5"
      ws "~3.3.1"
      xmlhttprequest-ssl "~1.5.4"
      yeast "0.1.2"
  
  engine.io-parser@~2.1.0, engine.io-parser@~2.1.1:
    version "2.1.3"
    resolved "https://registry.npm.taobao.org/engine.io-parser/download/engine.io-parser-2.1.3.tgz?cache=0&other_urls=https%3A%2F%2Fregistry.npm.taobao.org%2Fengine.io-parser%2Fdownload%2Fengine.io-parser-2.1.3.tgz#757ab970fbf2dfb32c7b74b033216d5739ef79a6"
    integrity sha1-dXq5cPvy37Mse3SwMyFtVznveaY=
    dependencies:
      after "0.8.2"
      arraybuffer.slice "~0.0.7"
      base64-arraybuffer "0.1.5"
      blob "0.0.5"
      has-binary2 "~1.0.2"
  
  engine.io@~3.2.0:
    version "3.2.1"
    resolved "https://registry.npm.taobao.org/engine.io/download/engine.io-3.2.1.tgz#b60281c35484a70ee0351ea0ebff83ec8c9522a2"
    integrity sha1-tgKBw1SEpw7gNR6g6/+D7IyVIqI=
    dependencies:
      accepts "~1.3.4"
      base64id "1.0.0"
      cookie "0.3.1"
      debug "~3.1.0"
      engine.io-parser "~2.1.0"
      ws "~3.3.1"
  
  ent@~2.2.0:
    version "2.2.0"
    resolved "https://registry.npm.taobao.org/ent/download/ent-2.2.0.tgz#e964219325a21d05f44466a2f686ed6ce5f5dd1d"
    integrity sha1-6WQhkyWiHQX0RGai9obtbOX13R0=
  
  es-abstract@^1.17.0-next.1:
    version "1.17.4"
    resolved "https://registry.npm.taobao.org/es-abstract/download/es-abstract-1.17.4.tgz?cache=0&sync_timestamp=1579624493239&other_urls=https%3A%2F%2Fregistry.npm.taobao.org%2Fes-abstract%2Fdownload%2Fes-abstract-1.17.4.tgz#e3aedf19706b20e7c2594c35fc0d57605a79e184"
    integrity sha1-467fGXBrIOfCWUw1/A1XYFp54YQ=
    dependencies:
      es-to-primitive "^1.2.1"
      function-bind "^1.1.1"
      has "^1.0.3"
      has-symbols "^1.0.1"
      is-callable "^1.1.5"
      is-regex "^1.0.5"
      object-inspect "^1.7.0"
      object-keys "^1.1.1"
      object.assign "^4.1.0"
      string.prototype.trimleft "^2.1.1"
      string.prototype.trimright "^2.1.1"
  
  es-to-primitive@^1.2.1:
    version "1.2.1"
    resolved "https://registry.npm.taobao.org/es-to-primitive/download/es-to-primitive-1.2.1.tgz#e55cd4c9cdc188bcefb03b366c736323fc5c898a"
    integrity sha1-5VzUyc3BiLzvsDs2bHNjI/xciYo=
    dependencies:
      is-callable "^1.1.4"
      is-date-object "^1.0.1"
      is-symbol "^1.0.2"
  
  escape-html@~1.0.3:
    version "1.0.3"
    resolved "https://registry.npm.taobao.org/escape-html/download/escape-html-1.0.3.tgz#0258eae4d3d0c0974de1c169188ef0051d1d1988"
    integrity sha1-Aljq5NPQwJdN4cFpGI7wBR0dGYg=
  
  escape-string-regexp@1.0.5, escape-string-regexp@^1.0.5:
    version "1.0.5"
    resolved "https://registry.npm.taobao.org/escape-string-regexp/download/escape-string-regexp-1.0.5.tgz#1b61c0562190a8dff6ae3bb2cf0200ca130b86d4"
    integrity sha1-G2HAViGQqN/2rjuyzwIAyhMLhtQ=
  
  esprima@^4.0.0:
    version "4.0.1"
    resolved "https://registry.npm.taobao.org/esprima/download/esprima-4.0.1.tgz#13b04cdb3e6c5d19df91ab6987a8695619b0aa71"
    integrity sha1-E7BM2z5sXRnfkatph6hpVhmwqnE=
  
  eventemitter3@^4.0.0:
    version "4.0.0"
    resolved "https://registry.npm.taobao.org/eventemitter3/download/eventemitter3-4.0.0.tgz#d65176163887ee59f386d64c82610b696a4a74eb"
    integrity sha1-1lF2FjiH7lnzhtZMgmELaWpKdOs=
  
  extend@^3.0.0:
    version "3.0.2"
    resolved "https://registry.npm.taobao.org/extend/download/extend-3.0.2.tgz#f8b1136b4071fbd8eb140aff858b1019ec2915fa"
    integrity sha1-+LETa0Bx+9jrFAr/hYsQGewpFfo=
  
  fill-range@^7.0.1:
    version "7.0.1"
    resolved "https://registry.npm.taobao.org/fill-range/download/fill-range-7.0.1.tgz#1919a6a7c75fe38b2c7c77e5198535da9acdda40"
    integrity sha1-GRmmp8df44ssfHflGYU12prN2kA=
    dependencies:
      to-regex-range "^5.0.1"
  
  finalhandler@1.1.2:
    version "1.1.2"
    resolved "https://registry.npm.taobao.org/finalhandler/download/finalhandler-1.1.2.tgz#b7e7d000ffd11938d0fdb053506f6ebabe9f587d"
    integrity sha1-t+fQAP/RGTjQ/bBTUG9uur6fWH0=
    dependencies:
      debug "2.6.9"
      encodeurl "~1.0.2"
      escape-html "~1.0.3"
      on-finished "~2.3.0"
      parseurl "~1.3.3"
      statuses "~1.5.0"
      unpipe "~1.0.0"
  
  find-up@3.0.0, find-up@^3.0.0:
    version "3.0.0"
    resolved "https://registry.npm.taobao.org/find-up/download/find-up-3.0.0.tgz#49169f1d7993430646da61ecc5ae355c21c97b73"
    integrity sha1-SRafHXmTQwZG2mHsxa41XCHJe3M=
    dependencies:
      locate-path "^3.0.0"
  
  flat@^4.1.0:
    version "4.1.0"
    resolved "https://registry.npm.taobao.org/flat/download/flat-4.1.0.tgz#090bec8b05e39cba309747f1d588f04dbaf98db2"
    integrity sha1-CQvsiwXjnLowl0fx1YjwTbr5jbI=
    dependencies:
      is-buffer "~2.0.3"
  
  flatted@^2.0.0:
    version "2.0.1"
    resolved "https://registry.npm.taobao.org/flatted/download/flatted-2.0.1.tgz#69e57caa8f0eacbc281d2e2cb458d46fdb449e08"
    integrity sha1-aeV8qo8OrLwoHS4stFjUb9tEngg=
  
  follow-redirects@^1.0.0:
    version "1.10.0"
    resolved "https://registry.npm.taobao.org/follow-redirects/download/follow-redirects-1.10.0.tgz?cache=0&sync_timestamp=1580082237027&other_urls=https%3A%2F%2Fregistry.npm.taobao.org%2Ffollow-redirects%2Fdownload%2Ffollow-redirects-1.10.0.tgz#01f5263aee921c6a54fb91667f08f4155ce169eb"
    integrity sha1-AfUmOu6SHGpU+5Fmfwj0FVzhaes=
    dependencies:
      debug "^3.0.0"
  
  fs-extra@^7.0.1:
    version "7.0.1"
    resolved "https://registry.npm.taobao.org/fs-extra/download/fs-extra-7.0.1.tgz#4f189c44aa123b895f722804f55ea23eadc348e9"
    integrity sha1-TxicRKoSO4lfcigE9V6iPq3DSOk=
    dependencies:
      graceful-fs "^4.1.2"
      jsonfile "^4.0.0"
      universalify "^0.1.0"
  
  fs.realpath@^1.0.0:
    version "1.0.0"
    resolved "https://registry.npm.taobao.org/fs.realpath/download/fs.realpath-1.0.0.tgz#1504ad2523158caa40db4a2787cb01411994ea4f"
    integrity sha1-FQStJSMVjKpA20onh8sBQRmU6k8=
  
  fsevents@~2.1.1, fsevents@~2.1.2:
    version "2.1.2"
    resolved "https://registry.npm.taobao.org/fsevents/download/fsevents-2.1.2.tgz?cache=0&sync_timestamp=1580708699417&other_urls=https%3A%2F%2Fregistry.npm.taobao.org%2Ffsevents%2Fdownload%2Ffsevents-2.1.2.tgz#4c0a1fb34bc68e543b4b82a9ec392bfbda840805"
    integrity sha1-TAofs0vGjlQ7S4Kp7Dkr+9qECAU=
  
  function-bind@^1.1.1:
    version "1.1.1"
    resolved "https://registry.npm.taobao.org/function-bind/download/function-bind-1.1.1.tgz#a56899d3ea3c9bab874bb9773b7c5ede92f4895d"
    integrity sha1-pWiZ0+o8m6uHS7l3O3xe3pL0iV0=
  
  get-caller-file@^2.0.1:
    version "2.0.5"
    resolved "https://registry.npm.taobao.org/get-caller-file/download/get-caller-file-2.0.5.tgz#4f94412a82db32f36e3b0b9741f8a97feb031f7e"
    integrity sha1-T5RBKoLbMvNuOwuXQfipf+sDH34=
  
  get-func-name@^2.0.0:
    version "2.0.0"
    resolved "https://registry.npm.taobao.org/get-func-name/download/get-func-name-2.0.0.tgz#ead774abee72e20409433a066366023dd6887a41"
    integrity sha1-6td0q+5y4gQJQzoGY2YCPdaIekE=
  
  glob-parent@~5.1.0:
    version "5.1.0"
    resolved "https://registry.npm.taobao.org/glob-parent/download/glob-parent-5.1.0.tgz#5f4c1d1e748d30cd73ad2944b3577a81b081e8c2"
    integrity sha1-X0wdHnSNMM1zrSlEs1d6gbCB6MI=
    dependencies:
      is-glob "^4.0.1"
  
  glob@7.1.3:
    version "7.1.3"
    resolved "https://registry.npm.taobao.org/glob/download/glob-7.1.3.tgz?cache=0&sync_timestamp=1573078121947&other_urls=https%3A%2F%2Fregistry.npm.taobao.org%2Fglob%2Fdownload%2Fglob-7.1.3.tgz#3960832d3f1574108342dafd3a67b332c0969df1"
    integrity sha1-OWCDLT8VdBCDQtr9OmezMsCWnfE=
    dependencies:
      fs.realpath "^1.0.0"
      inflight "^1.0.4"
      inherits "2"
      minimatch "^3.0.4"
      once "^1.3.0"
      path-is-absolute "^1.0.0"
  
  glob@^7.1.1, glob@^7.1.3:
    version "7.1.6"
    resolved "https://registry.npm.taobao.org/glob/download/glob-7.1.6.tgz?cache=0&sync_timestamp=1573078121947&other_urls=https%3A%2F%2Fregistry.npm.taobao.org%2Fglob%2Fdownload%2Fglob-7.1.6.tgz#141f33b81a7c2492e125594307480c46679278a6"
    integrity sha1-FB8zuBp8JJLhJVlDB0gMRmeSeKY=
    dependencies:
      fs.realpath "^1.0.0"
      inflight "^1.0.4"
      inherits "2"
      minimatch "^3.0.4"
      once "^1.3.0"
      path-is-absolute "^1.0.0"
  
  graceful-fs@^4.1.2, graceful-fs@^4.1.6:
    version "4.2.3"
    resolved "https://registry.npm.taobao.org/graceful-fs/download/graceful-fs-4.2.3.tgz#4a12ff1b60376ef09862c2093edd908328be8423"
    integrity sha1-ShL/G2A3bvCYYsIJPt2Qgyi+hCM=
  
  growl@1.10.5:
    version "1.10.5"
    resolved "https://registry.npm.taobao.org/growl/download/growl-1.10.5.tgz#f2735dc2283674fa67478b10181059355c369e5e"
    integrity sha1-8nNdwig2dPpnR4sQGBBZNVw2nl4=
  
  has-binary2@~1.0.2:
    version "1.0.3"
    resolved "https://registry.npm.taobao.org/has-binary2/download/has-binary2-1.0.3.tgz#7776ac627f3ea77250cfc332dab7ddf5e4f5d11d"
    integrity sha1-d3asYn8+p3JQz8My2rfd9eT10R0=
    dependencies:
      isarray "2.0.1"
  
  has-cors@1.1.0:
    version "1.1.0"
    resolved "https://registry.npm.taobao.org/has-cors/download/has-cors-1.1.0.tgz#5e474793f7ea9843d1bb99c23eef49ff126fff39"
    integrity sha1-XkdHk/fqmEPRu5nCPu9J/xJv/zk=
  
  has-flag@^3.0.0:
    version "3.0.0"
    resolved "https://registry.npm.taobao.org/has-flag/download/has-flag-3.0.0.tgz#b5d454dc2199ae225699f3467e5a07f3b955bafd"
    integrity sha1-tdRU3CGZriJWmfNGfloH87lVuv0=
  
  has-flag@^4.0.0:
    version "4.0.0"
    resolved "https://registry.npm.taobao.org/has-flag/download/has-flag-4.0.0.tgz#944771fd9c81c81265c4d6941860da06bb59479b"
    integrity sha1-lEdx/ZyByBJlxNaUGGDaBrtZR5s=
  
  has-symbols@^1.0.0, has-symbols@^1.0.1:
    version "1.0.1"
    resolved "https://registry.npm.taobao.org/has-symbols/download/has-symbols-1.0.1.tgz#9f5214758a44196c406d9bd76cebf81ec2dd31e8"
    integrity sha1-n1IUdYpEGWxAbZvXbOv4HsLdMeg=
  
  has@^1.0.3:
    version "1.0.3"
    resolved "https://registry.npm.taobao.org/has/download/has-1.0.3.tgz#722d7cbfc1f6aa8241f16dd814e011e1f41e8796"
    integrity sha1-ci18v8H2qoJB8W3YFOAR4fQeh5Y=
    dependencies:
      function-bind "^1.1.1"
  
  hash-sum@^1.0.2:
    version "1.0.2"
    resolved "https://registry.npm.taobao.org/hash-sum/download/hash-sum-1.0.2.tgz#33b40777754c6432573c120cc3808bbd10d47f04"
    integrity sha1-M7QHd3VMZDJXPBIMw4CLvRDUfwQ=
  
  he@1.2.0, he@^1.1.0:
    version "1.2.0"
    resolved "https://registry.npm.taobao.org/he/download/he-1.2.0.tgz#84ae65fa7eafb165fddb61566ae14baf05664f0f"
    integrity sha1-hK5l+n6vsWX922FWauFLrwVmTw8=
  
  http-errors@1.7.2:
    version "1.7.2"
    resolved "https://registry.npm.taobao.org/http-errors/download/http-errors-1.7.2.tgz#4f5029cf13239f31036e5b2e55292bcfbcc85c8f"
    integrity sha1-T1ApzxMjnzEDblsuVSkrz7zIXI8=
    dependencies:
      depd "~1.1.2"
      inherits "2.0.3"
      setprototypeof "1.1.1"
      statuses ">= 1.5.0 < 2"
      toidentifier "1.0.0"
  
  http-proxy@^1.13.0:
    version "1.18.0"
    resolved "https://registry.npm.taobao.org/http-proxy/download/http-proxy-1.18.0.tgz#dbe55f63e75a347db7f3d99974f2692a314a6a3a"
    integrity sha1-2+VfY+daNH2389mZdPJpKjFKajo=
    dependencies:
      eventemitter3 "^4.0.0"
      follow-redirects "^1.0.0"
      requires-port "^1.0.0"
  
  iconv-lite@0.4.24:
    version "0.4.24"
    resolved "https://registry.npm.taobao.org/iconv-lite/download/iconv-lite-0.4.24.tgz?cache=0&sync_timestamp=1579333981154&other_urls=https%3A%2F%2Fregistry.npm.taobao.org%2Ficonv-lite%2Fdownload%2Ficonv-lite-0.4.24.tgz#2022b4b25fbddc21d2f524974a474aafe733908b"
    integrity sha1-ICK0sl+93CHS9SSXSkdKr+czkIs=
    dependencies:
      safer-buffer ">= 2.1.2 < 3"
  
  indexes-of@^1.0.1:
    version "1.0.1"
    resolved "https://registry.npm.taobao.org/indexes-of/download/indexes-of-1.0.1.tgz#f30f716c8e2bd346c7b67d3df3915566a7c05607"
    integrity sha1-8w9xbI4r00bHtn0985FVZqfAVgc=
  
  indexof@0.0.1:
    version "0.0.1"
    resolved "https://registry.npm.taobao.org/indexof/download/indexof-0.0.1.tgz#82dc336d232b9062179d05ab3293a66059fd435d"
    integrity sha1-gtwzbSMrkGIXnQWrMpOmYFn9Q10=
  
  inflight@^1.0.4:
    version "1.0.6"
    resolved "https://registry.npm.taobao.org/inflight/download/inflight-1.0.6.tgz#49bd6331d7d02d0c09bc910a1075ba8165b56df9"
    integrity sha1-Sb1jMdfQLQwJvJEKEHW6gWW1bfk=
    dependencies:
      once "^1.3.0"
      wrappy "1"
  
  inherits@2:
    version "2.0.4"
    resolved "https://registry.npm.taobao.org/inherits/download/inherits-2.0.4.tgz#0fa2c64f932917c3433a0ded55363aae37416b7c"
    integrity sha1-D6LGT5MpF8NDOg3tVTY6rjdBa3w=
  
  inherits@2.0.3:
    version "2.0.3"
    resolved "https://registry.npm.taobao.org/inherits/download/inherits-2.0.3.tgz#633c2c83e3da42a502f52466022480f4208261de"
    integrity sha1-Yzwsg+PaQqUC9SRmAiSA9CCCYd4=
  
  is-binary-path@~2.1.0:
    version "2.1.0"
    resolved "https://registry.npm.taobao.org/is-binary-path/download/is-binary-path-2.1.0.tgz#ea1f7f3b80f064236e83470f86c09c254fb45b09"
    integrity sha1-6h9/O4DwZCNug0cPhsCcJU+0Wwk=
    dependencies:
      binary-extensions "^2.0.0"
  
  is-buffer@~2.0.3:
    version "2.0.4"
    resolved "https://registry.npm.taobao.org/is-buffer/download/is-buffer-2.0.4.tgz#3e572f23c8411a5cfd9557c849e3665e0b290623"
    integrity sha1-PlcvI8hBGlz9lVfISeNmXgspBiM=
  
  is-callable@^1.1.4, is-callable@^1.1.5:
    version "1.1.5"
    resolved "https://registry.npm.taobao.org/is-callable/download/is-callable-1.1.5.tgz#f7e46b596890456db74e7f6e976cb3273d06faab"
    integrity sha1-9+RrWWiQRW23Tn9ul2yzJz0G+qs=
  
  is-date-object@^1.0.1:
    version "1.0.2"
    resolved "https://registry.npm.taobao.org/is-date-object/download/is-date-object-1.0.2.tgz?cache=0&sync_timestamp=1576729165697&other_urls=https%3A%2F%2Fregistry.npm.taobao.org%2Fis-date-object%2Fdownload%2Fis-date-object-1.0.2.tgz#bda736f2cd8fd06d32844e7743bfa7494c3bfd7e"
    integrity sha1-vac28s2P0G0yhE53Q7+nSUw7/X4=
  
  is-extglob@^2.1.1:
    version "2.1.1"
    resolved "https://registry.npm.taobao.org/is-extglob/download/is-extglob-2.1.1.tgz#a88c02535791f02ed37c76a1b9ea9773c833f8c2"
    integrity sha1-qIwCU1eR8C7TfHahueqXc8gz+MI=
  
  is-fullwidth-code-point@^2.0.0:
    version "2.0.0"
    resolved "https://registry.npm.taobao.org/is-fullwidth-code-point/download/is-fullwidth-code-point-2.0.0.tgz#a3b30a5c4f199183167aaab93beefae3ddfb654f"
    integrity sha1-o7MKXE8ZkYMWeqq5O+764937ZU8=
  
  is-glob@^4.0.1, is-glob@~4.0.1:
    version "4.0.1"
    resolved "https://registry.npm.taobao.org/is-glob/download/is-glob-4.0.1.tgz#7567dbe9f2f5e2467bc77ab83c4a29482407a5dc"
    integrity sha1-dWfb6fL14kZ7x3q4PEopSCQHpdw=
    dependencies:
      is-extglob "^2.1.1"
  
  is-number@^7.0.0:
    version "7.0.0"
    resolved "https://registry.npm.taobao.org/is-number/download/is-number-7.0.0.tgz#7535345b896734d5f80c4d06c50955527a14f12b"
    integrity sha1-dTU0W4lnNNX4DE0GxQlVUnoU8Ss=
  
  is-regex@^1.0.5:
    version "1.0.5"
    resolved "https://registry.npm.taobao.org/is-regex/download/is-regex-1.0.5.tgz#39d589a358bf18967f726967120b8fc1aed74eae"
    integrity sha1-OdWJo1i/GJZ/cmlnEguPwa7XTq4=
    dependencies:
      has "^1.0.3"
  
  is-symbol@^1.0.2:
    version "1.0.3"
    resolved "https://registry.npm.taobao.org/is-symbol/download/is-symbol-1.0.3.tgz#38e1014b9e6329be0de9d24a414fd7441ec61937"
    integrity sha1-OOEBS55jKb4N6dJKQU/XRB7GGTc=
    dependencies:
      has-symbols "^1.0.1"
  
  isarray@0.0.1:
    version "0.0.1"
    resolved "https://registry.npm.taobao.org/isarray/download/isarray-0.0.1.tgz#8a18acfca9a8f4177e09abfc6038939b05d1eedf"
    integrity sha1-ihis/Kmo9Bd+Cav8YDiTmwXR7t8=
  
  isarray@2.0.1:
    version "2.0.1"
    resolved "https://registry.npm.taobao.org/isarray/download/isarray-2.0.1.tgz#a37d94ed9cda2d59865c9f76fe596ee1f338741e"
    integrity sha1-o32U7ZzaLVmGXJ92/llu4fM4dB4=
  
  isbinaryfile@^3.0.0:
    version "3.0.3"
    resolved "https://registry.npm.taobao.org/isbinaryfile/download/isbinaryfile-3.0.3.tgz?cache=0&sync_timestamp=1578829261741&other_urls=https%3A%2F%2Fregistry.npm.taobao.org%2Fisbinaryfile%2Fdownload%2Fisbinaryfile-3.0.3.tgz#5d6def3edebf6e8ca8cae9c30183a804b5f8be80"
    integrity sha1-XW3vPt6/boyoyunDAYOoBLX4voA=
    dependencies:
      buffer-alloc "^1.2.0"
  
  isexe@^2.0.0:
    version "2.0.0"
    resolved "https://registry.npm.taobao.org/isexe/download/isexe-2.0.0.tgz#e8fbf374dc556ff8947a10dcb0572d633f2cfa10"
    integrity sha1-6PvzdNxVb/iUehDcsFctYz8s+hA=
  
  js-yaml@3.13.1:
    version "3.13.1"
    resolved "https://registry.npm.taobao.org/js-yaml/download/js-yaml-3.13.1.tgz#aff151b30bfdfa8e49e05da22e7415e9dfa37847"
    integrity sha1-r/FRswv9+o5J4F2iLnQV6d+jeEc=
    dependencies:
      argparse "^1.0.7"
      esprima "^4.0.0"
  
  jsonfile@^4.0.0:
    version "4.0.0"
    resolved "https://registry.npm.taobao.org/jsonfile/download/jsonfile-4.0.0.tgz?cache=0&sync_timestamp=1582557323561&other_urls=https%3A%2F%2Fregistry.npm.taobao.org%2Fjsonfile%2Fdownload%2Fjsonfile-4.0.0.tgz#8771aae0799b64076b76640fca058f9c10e33ecb"
    integrity sha1-h3Gq4HmbZAdrdmQPygWPnBDjPss=
    optionalDependencies:
      graceful-fs "^4.1.6"
  
  just-extend@^4.0.2:
    version "4.1.0"
    resolved "https://registry.npm.taobao.org/just-extend/download/just-extend-4.1.0.tgz?cache=0&sync_timestamp=1582650920496&other_urls=https%3A%2F%2Fregistry.npm.taobao.org%2Fjust-extend%2Fdownload%2Fjust-extend-4.1.0.tgz#7278a4027d889601640ee0ce0e5a00b992467da4"
    integrity sha1-cnikAn2IlgFkDuDODloAuZJGfaQ=
  
  karma-chai-spies@^0.1.4:
    version "0.1.4"
    resolved "https://registry.npm.taobao.org/karma-chai-spies/download/karma-chai-spies-0.1.4.tgz#da0fbaedd9ac7ebf4e3efd15e58c493203f07d08"
    integrity sha1-2g+67dmsfr9OPv0V5YxJMgPwfQg=
  
  karma-chai@^0.1.0:
    version "0.1.0"
    resolved "https://registry.npm.taobao.org/karma-chai/download/karma-chai-0.1.0.tgz#bee5ad40400517811ae34bb945f762909108b79a"
    integrity sha1-vuWtQEAFF4Ea40u5RfdikJEIt5o=
  
  karma-chrome-launcher@^3.1.0:
    version "3.1.0"
    resolved "https://registry.npm.taobao.org/karma-chrome-launcher/download/karma-chrome-launcher-3.1.0.tgz#805a586799a4d05f4e54f72a204979f3f3066738"
    integrity sha1-gFpYZ5mk0F9OVPcqIEl58/MGZzg=
    dependencies:
      which "^1.2.1"
  
  karma-mocha@^1.3.0:
    version "1.3.0"
    resolved "https://registry.npm.taobao.org/karma-mocha/download/karma-mocha-1.3.0.tgz#eeaac7ffc0e201eb63c467440d2b69c7cf3778bf"
    integrity sha1-7qrH/8DiAetjxGdEDStpx883eL8=
    dependencies:
      minimist "1.2.0"
  
  karma-sinon-chai@^2.0.2:
    version "2.0.2"
    resolved "https://registry.npm.taobao.org/karma-sinon-chai/download/karma-sinon-chai-2.0.2.tgz#e28c109b989973abafc28a7c9f09ef24a05e07c2"
    integrity sha1-4owQm5iZc6uvwop8nwnvJKBeB8I=
  
  karma@^4.4.1:
    version "4.4.1"
    resolved "https://registry.npm.taobao.org/karma/download/karma-4.4.1.tgz#6d9aaab037a31136dc074002620ee11e8c2e32ab"
    integrity sha1-bZqqsDejETbcB0ACYg7hHowuMqs=
    dependencies:
      bluebird "^3.3.0"
      body-parser "^1.16.1"
      braces "^3.0.2"
      chokidar "^3.0.0"
      colors "^1.1.0"
      connect "^3.6.0"
      di "^0.0.1"
      dom-serialize "^2.2.0"
      flatted "^2.0.0"
      glob "^7.1.1"
      graceful-fs "^4.1.2"
      http-proxy "^1.13.0"
      isbinaryfile "^3.0.0"
      lodash "^4.17.14"
      log4js "^4.0.0"
      mime "^2.3.1"
      minimatch "^3.0.2"
      optimist "^0.6.1"
      qjobs "^1.1.4"
      range-parser "^1.2.0"
      rimraf "^2.6.0"
      safe-buffer "^5.0.1"
      socket.io "2.1.1"
      source-map "^0.6.1"
      tmp "0.0.33"
      useragent "2.3.0"
  
  locate-path@^3.0.0:
    version "3.0.0"
    resolved "https://registry.npm.taobao.org/locate-path/download/locate-path-3.0.0.tgz#dbec3b3ab759758071b58fe59fc41871af21400e"
    integrity sha1-2+w7OrdZdYBxtY/ln8QYca8hQA4=
    dependencies:
      p-locate "^3.0.0"
      path-exists "^3.0.0"
  
  lodash.get@^4.4.2:
    version "4.4.2"
    resolved "https://registry.npm.taobao.org/lodash.get/download/lodash.get-4.4.2.tgz#2d177f652fa31e939b4438d5341499dfa3825e99"
    integrity sha1-LRd/ZS+jHpObRDjVNBSZ36OCXpk=
  
  lodash@^4.17.14, lodash@^4.17.15:
    version "4.17.15"
    resolved "https://registry.npm.taobao.org/lodash/download/lodash-4.17.15.tgz?cache=0&sync_timestamp=1571657272199&other_urls=https%3A%2F%2Fregistry.npm.taobao.org%2Flodash%2Fdownload%2Flodash-4.17.15.tgz#b447f6670a0455bbfeedd11392eff330ea097548"
    integrity sha1-tEf2ZwoEVbv+7dETku/zMOoJdUg=
  
  log-symbols@3.0.0:
    version "3.0.0"
    resolved "https://registry.npm.taobao.org/log-symbols/download/log-symbols-3.0.0.tgz#f3a08516a5dea893336a7dee14d18a1cfdab77c4"
    integrity sha1-86CFFqXeqJMzan3uFNGKHP2rd8Q=
    dependencies:
      chalk "^2.4.2"
  
  log4js@^4.0.0:
    version "4.5.1"
    resolved "https://registry.npm.taobao.org/log4js/download/log4js-4.5.1.tgz?cache=0&sync_timestamp=1581378346725&other_urls=https%3A%2F%2Fregistry.npm.taobao.org%2Flog4js%2Fdownload%2Flog4js-4.5.1.tgz#e543625e97d9e6f3e6e7c9fc196dd6ab2cae30b5"
    integrity sha1-5UNiXpfZ5vPm58n8GW3WqyyuMLU=
    dependencies:
      date-format "^2.0.0"
      debug "^4.1.1"
      flatted "^2.0.0"
      rfdc "^1.1.4"
      streamroller "^1.0.6"
  
  lru-cache@4.1.x, lru-cache@^4.1.2:
    version "4.1.5"
    resolved "https://registry.npm.taobao.org/lru-cache/download/lru-cache-4.1.5.tgz#8bbe50ea85bed59bc9e33dcab8235ee9bcf443cd"
    integrity sha1-i75Q6oW+1ZvJ4z3KuCNe6bz0Q80=
    dependencies:
      pseudomap "^1.0.2"
      yallist "^2.1.2"
  
  media-typer@0.3.0:
    version "0.3.0"
    resolved "https://registry.npm.taobao.org/media-typer/download/media-typer-0.3.0.tgz#8710d7af0aa626f8fffa1ce00168545263255748"
    integrity sha1-hxDXrwqmJvj/+hzgAWhUUmMlV0g=
  
  merge-source-map@^1.1.0:
    version "1.1.0"
    resolved "https://registry.npm.taobao.org/merge-source-map/download/merge-source-map-1.1.0.tgz#2fdde7e6020939f70906a68f2d7ae685e4c8c646"
    integrity sha1-L93n5gIJOfcJBqaPLXrmheTIxkY=
    dependencies:
      source-map "^0.6.1"
  
  mime-db@1.43.0:
    version "1.43.0"
    resolved "https://registry.npm.taobao.org/mime-db/download/mime-db-1.43.0.tgz?cache=0&sync_timestamp=1578281104943&other_urls=https%3A%2F%2Fregistry.npm.taobao.org%2Fmime-db%2Fdownload%2Fmime-db-1.43.0.tgz#0a12e0502650e473d735535050e7c8f4eb4fae58"
    integrity sha1-ChLgUCZQ5HPXNVNQUOfI9OtPrlg=
  
  mime-types@~2.1.24:
    version "2.1.26"
    resolved "https://registry.npm.taobao.org/mime-types/download/mime-types-2.1.26.tgz?cache=0&sync_timestamp=1578282585871&other_urls=https%3A%2F%2Fregistry.npm.taobao.org%2Fmime-types%2Fdownload%2Fmime-types-2.1.26.tgz#9c921fc09b7e149a65dfdc0da4d20997200b0a06"
    integrity sha1-nJIfwJt+FJpl39wNpNIJlyALCgY=
    dependencies:
      mime-db "1.43.0"
  
  mime@^2.3.1:
    version "2.4.4"
    resolved "https://registry.npm.taobao.org/mime/download/mime-2.4.4.tgz#bd7b91135fc6b01cde3e9bae33d659b63d8857e5"
    integrity sha1-vXuRE1/GsBzePpuuM9ZZtj2IV+U=
  
  minimatch@3.0.4, minimatch@^3.0.2, minimatch@^3.0.4:
    version "3.0.4"
    resolved "https://registry.npm.taobao.org/minimatch/download/minimatch-3.0.4.tgz#5166e286457f03306064be5497e8dbb0c3d32083"
    integrity sha1-UWbihkV/AzBgZL5Ul+jbsMPTIIM=
    dependencies:
      brace-expansion "^1.1.7"
  
  minimist@0.0.8:
    version "0.0.8"
    resolved "https://registry.npm.taobao.org/minimist/download/minimist-0.0.8.tgz#857fcabfc3397d2625b8228262e86aa7a011b05d"
    integrity sha1-hX/Kv8M5fSYluCKCYuhqp6ARsF0=
  
  minimist@1.2.0:
    version "1.2.0"
    resolved "https://registry.npm.taobao.org/minimist/download/minimist-1.2.0.tgz#a35008b20f41383eec1fb914f4cd5df79a264284"
    integrity sha1-o1AIsg9BOD7sH7kU9M1d95omQoQ=
  
  minimist@~0.0.1:
    version "0.0.10"
    resolved "https://registry.npm.taobao.org/minimist/download/minimist-0.0.10.tgz#de3f98543dbf96082be48ad1a0c7cda836301dcf"
    integrity sha1-3j+YVD2/lggr5IrRoMfNqDYwHc8=
  
  mkdirp@0.5.1:
    version "0.5.1"
    resolved "https://registry.npm.taobao.org/mkdirp/download/mkdirp-0.5.1.tgz?cache=0&sync_timestamp=1579899671093&other_urls=https%3A%2F%2Fregistry.npm.taobao.org%2Fmkdirp%2Fdownload%2Fmkdirp-0.5.1.tgz#30057438eac6cf7f8c4767f38648d6697d75c903"
    integrity sha1-MAV0OOrGz3+MR2fzhkjWaX11yQM=
    dependencies:
      minimist "0.0.8"
  
  mocha@^7.1.0:
    version "7.1.0"
    resolved "https://registry.npm.taobao.org/mocha/download/mocha-7.1.0.tgz#c784f579ad0904d29229ad6cb1e2514e4db7d249"
    integrity sha1-x4T1ea0JBNKSKa1sseJRTk230kk=
    dependencies:
      ansi-colors "3.2.3"
      browser-stdout "1.3.1"
      chokidar "3.3.0"
      debug "3.2.6"
      diff "3.5.0"
      escape-string-regexp "1.0.5"
      find-up "3.0.0"
      glob "7.1.3"
      growl "1.10.5"
      he "1.2.0"
      js-yaml "3.13.1"
      log-symbols "3.0.0"
      minimatch "3.0.4"
      mkdirp "0.5.1"
      ms "2.1.1"
      node-environment-flags "1.0.6"
      object.assign "4.1.0"
      strip-json-comments "2.0.1"
      supports-color "6.0.0"
      which "1.3.1"
      wide-align "1.1.3"
      yargs "13.3.0"
      yargs-parser "13.1.1"
      yargs-unparser "1.6.0"
  
  ms@2.0.0:
    version "2.0.0"
    resolved "https://registry.npm.taobao.org/ms/download/ms-2.0.0.tgz#5608aeadfc00be6c2901df5f9861788de0d597c8"
    integrity sha1-VgiurfwAvmwpAd9fmGF4jeDVl8g=
  
  ms@2.1.1:
    version "2.1.1"
    resolved "https://registry.npm.taobao.org/ms/download/ms-2.1.1.tgz#30a5864eb3ebb0a66f2ebe6d727af06a09d86e0a"
    integrity sha1-MKWGTrPrsKZvLr5tcnrwagnYbgo=
  
  ms@^2.1.1:
    version "2.1.2"
    resolved "https://registry.npm.taobao.org/ms/download/ms-2.1.2.tgz#d09d1f357b443f493382a8eb3ccd183872ae6009"
    integrity sha1-0J0fNXtEP0kzgqjrPM0YOHKuYAk=
  
  negotiator@0.6.2:
    version "0.6.2"
    resolved "https://registry.npm.taobao.org/negotiator/download/negotiator-0.6.2.tgz#feacf7ccf525a77ae9634436a64883ffeca346fb"
    integrity sha1-/qz3zPUlp3rpY0Q2pkiD/+yjRvs=
  
  nise@^4.0.1:
    version "4.0.3"
    resolved "https://registry.npm.taobao.org/nise/download/nise-4.0.3.tgz#9f79ff02fa002ed5ffbc538ad58518fa011dc913"
    integrity sha1-n3n/AvoALtX/vFOK1YUY+gEdyRM=
    dependencies:
      "@sinonjs/commons" "^1.7.0"
      "@sinonjs/fake-timers" "^6.0.0"
      "@sinonjs/text-encoding" "^0.7.1"
      just-extend "^4.0.2"
      path-to-regexp "^1.7.0"
  
  node-environment-flags@1.0.6:
    version "1.0.6"
    resolved "https://registry.npm.taobao.org/node-environment-flags/download/node-environment-flags-1.0.6.tgz#a30ac13621f6f7d674260a54dede048c3982c088"
    integrity sha1-owrBNiH299Z0JgpU3t4EjDmCwIg=
    dependencies:
      object.getownpropertydescriptors "^2.0.3"
      semver "^5.7.0"
  
  normalize-path@^3.0.0, normalize-path@~3.0.0:
    version "3.0.0"
    resolved "https://registry.npm.taobao.org/normalize-path/download/normalize-path-3.0.0.tgz#0dcd69ff23a1c9b11fd0978316644a0388216a65"
    integrity sha1-Dc1p/yOhybEf0JeDFmRKA4ghamU=
  
  object-component@0.0.3:
    version "0.0.3"
    resolved "https://registry.npm.taobao.org/object-component/download/object-component-0.0.3.tgz#f0c69aa50efc95b866c186f400a33769cb2f1291"
    integrity sha1-8MaapQ78lbhmwYb0AKM3acsvEpE=
  
  object-inspect@^1.7.0:
    version "1.7.0"
    resolved "https://registry.npm.taobao.org/object-inspect/download/object-inspect-1.7.0.tgz#f4f6bd181ad77f006b5ece60bd0b6f398ff74a67"
    integrity sha1-9Pa9GBrXfwBrXs5gvQtvOY/3Smc=
  
  object-keys@^1.0.11, object-keys@^1.0.12, object-keys@^1.1.1:
    version "1.1.1"
    resolved "https://registry.npm.taobao.org/object-keys/download/object-keys-1.1.1.tgz#1c47f272df277f3b1daf061677d9c82e2322c60e"
    integrity sha1-HEfyct8nfzsdrwYWd9nILiMixg4=
  
  object.assign@4.1.0, object.assign@^4.1.0:
    version "4.1.0"
    resolved "https://registry.npm.taobao.org/object.assign/download/object.assign-4.1.0.tgz#968bf1100d7956bb3ca086f006f846b3bc4008da"
    integrity sha1-lovxEA15Vrs8oIbwBvhGs7xACNo=
    dependencies:
      define-properties "^1.1.2"
      function-bind "^1.1.1"
      has-symbols "^1.0.0"
      object-keys "^1.0.11"
  
  object.getownpropertydescriptors@^2.0.3:
    version "2.1.0"
    resolved "https://registry.npm.taobao.org/object.getownpropertydescriptors/download/object.getownpropertydescriptors-2.1.0.tgz#369bf1f9592d8ab89d712dced5cb81c7c5352649"
    integrity sha1-Npvx+VktiridcS3O1cuBx8U1Jkk=
    dependencies:
      define-properties "^1.1.3"
      es-abstract "^1.17.0-next.1"
  
  on-finished@~2.3.0:
    version "2.3.0"
    resolved "https://registry.npm.taobao.org/on-finished/download/on-finished-2.3.0.tgz#20f1336481b083cd75337992a16971aa2d906947"
    integrity sha1-IPEzZIGwg811M3mSoWlxqi2QaUc=
    dependencies:
      ee-first "1.1.1"
  
  once@^1.3.0:
    version "1.4.0"
    resolved "https://registry.npm.taobao.org/once/download/once-1.4.0.tgz#583b1aa775961d4b113ac17d9c50baef9dd76bd1"
    integrity sha1-WDsap3WWHUsROsF9nFC6753Xa9E=
    dependencies:
      wrappy "1"
  
  optimist@^0.6.1:
    version "0.6.1"
    resolved "https://registry.npm.taobao.org/optimist/download/optimist-0.6.1.tgz#da3ea74686fa21a19a111c326e90eb15a0196686"
    integrity sha1-2j6nRob6IaGaERwybpDrFaAZZoY=
    dependencies:
      minimist "~0.0.1"
      wordwrap "~0.0.2"
  
  os-tmpdir@~1.0.2:
    version "1.0.2"
    resolved "https://registry.npm.taobao.org/os-tmpdir/download/os-tmpdir-1.0.2.tgz#bbe67406c79aa85c5cfec766fe5734555dfa1274"
    integrity sha1-u+Z0BseaqFxc/sdm/lc0VV36EnQ=
  
  p-limit@^2.0.0:
    version "2.2.2"
    resolved "https://registry.npm.taobao.org/p-limit/download/p-limit-2.2.2.tgz#61279b67721f5287aa1c13a9a7fbbc48c9291b1e"
    integrity sha1-YSebZ3IfUoeqHBOpp/u8SMkpGx4=
    dependencies:
      p-try "^2.0.0"
  
  p-locate@^3.0.0:
    version "3.0.0"
    resolved "https://registry.npm.taobao.org/p-locate/download/p-locate-3.0.0.tgz#322d69a05c0264b25997d9f40cd8a891ab0064a4"
    integrity sha1-Mi1poFwCZLJZl9n0DNiokasAZKQ=
    dependencies:
      p-limit "^2.0.0"
  
  p-try@^2.0.0:
    version "2.2.0"
    resolved "https://registry.npm.taobao.org/p-try/download/p-try-2.2.0.tgz#cb2868540e313d61de58fafbe35ce9004d5540e6"
    integrity sha1-yyhoVA4xPWHeWPr741zpAE1VQOY=
  
  parseqs@0.0.5:
    version "0.0.5"
    resolved "https://registry.npm.taobao.org/parseqs/download/parseqs-0.0.5.tgz#d5208a3738e46766e291ba2ea173684921a8b89d"
    integrity sha1-1SCKNzjkZ2bikbouoXNoSSGouJ0=
    dependencies:
      better-assert "~1.0.0"
  
  parseuri@0.0.5:
    version "0.0.5"
    resolved "https://registry.npm.taobao.org/parseuri/download/parseuri-0.0.5.tgz#80204a50d4dbb779bfdc6ebe2778d90e4bce320a"
    integrity sha1-gCBKUNTbt3m/3G6+J3jZDkvOMgo=
    dependencies:
      better-assert "~1.0.0"
  
  parseurl@~1.3.3:
    version "1.3.3"
    resolved "https://registry.npm.taobao.org/parseurl/download/parseurl-1.3.3.tgz#9da19e7bee8d12dff0513ed5b76957793bc2e8d4"
    integrity sha1-naGee+6NEt/wUT7Vt2lXeTvC6NQ=
  
  path-exists@^3.0.0:
    version "3.0.0"
    resolved "https://registry.npm.taobao.org/path-exists/download/path-exists-3.0.0.tgz#ce0ebeaa5f78cb18925ea7d810d7b59b010fd515"
    integrity sha1-zg6+ql94yxiSXqfYENe1mwEP1RU=
  
  path-is-absolute@^1.0.0:
    version "1.0.1"
    resolved "https://registry.npm.taobao.org/path-is-absolute/download/path-is-absolute-1.0.1.tgz#174b9268735534ffbc7ace6bf53a5a9e1b5c5f5f"
    integrity sha1-F0uSaHNVNP+8es5r9TpanhtcX18=
  
  path-to-regexp@^1.7.0:
    version "1.8.0"
    resolved "https://registry.npm.taobao.org/path-to-regexp/download/path-to-regexp-1.8.0.tgz#887b3ba9d84393e87a0a0b9f4cb756198b53548a"
    integrity sha1-iHs7qdhDk+h6CgufTLdWGYtTVIo=
    dependencies:
      isarray "0.0.1"
  
  pathval@^1.1.0:
    version "1.1.0"
    resolved "https://registry.npm.taobao.org/pathval/download/pathval-1.1.0.tgz#b942e6d4bde653005ef6b71361def8727d0645e0"
    integrity sha1-uULm1L3mUwBe9rcTYd74cn0GReA=
  
  picomatch@^2.0.4, picomatch@^2.0.7:
    version "2.2.1"
    resolved "https://registry.npm.taobao.org/picomatch/download/picomatch-2.2.1.tgz?cache=0&sync_timestamp=1578174204122&other_urls=https%3A%2F%2Fregistry.npm.taobao.org%2Fpicomatch%2Fdownload%2Fpicomatch-2.2.1.tgz#21bac888b6ed8601f831ce7816e335bc779f0a4a"
    integrity sha1-IbrIiLbthgH4Mc54FuM1vHefCko=
  
  postcss-selector-parser@^6.0.2:
    version "6.0.2"
    resolved "https://registry.npm.taobao.org/postcss-selector-parser/download/postcss-selector-parser-6.0.2.tgz#934cf799d016c83411859e09dcecade01286ec5c"
    integrity sha1-k0z3mdAWyDQRhZ4J3Oyt4BKG7Fw=
    dependencies:
      cssesc "^3.0.0"
      indexes-of "^1.0.1"
      uniq "^1.0.1"
  
  postcss@^7.0.14:
    version "7.0.27"
    resolved "https://registry.npm.taobao.org/postcss/download/postcss-7.0.27.tgz?cache=0&sync_timestamp=1581994853208&other_urls=https%3A%2F%2Fregistry.npm.taobao.org%2Fpostcss%2Fdownload%2Fpostcss-7.0.27.tgz#cc67cdc6b0daa375105b7c424a85567345fc54d9"
    integrity sha1-zGfNxrDao3UQW3xCSoVWc0X8VNk=
    dependencies:
      chalk "^2.4.2"
      source-map "^0.6.1"
      supports-color "^6.1.0"
  
  prettier@^1.18.2:
    version "1.19.1"
    resolved "https://registry.npm.taobao.org/prettier/download/prettier-1.19.1.tgz?cache=0&sync_timestamp=1573302169507&other_urls=https%3A%2F%2Fregistry.npm.taobao.org%2Fprettier%2Fdownload%2Fprettier-1.19.1.tgz#f7d7f5ff8a9cd872a7be4ca142095956a60797cb"
    integrity sha1-99f1/4qc2HKnvkyhQglZVqYHl8s=
  
  pseudomap@^1.0.2:
    version "1.0.2"
    resolved "https://registry.npm.taobao.org/pseudomap/download/pseudomap-1.0.2.tgz#f052a28da70e618917ef0a8ac34c1ae5a68286b3"
    integrity sha1-8FKijacOYYkX7wqKw0wa5aaChrM=
  
  qjobs@^1.1.4:
    version "1.2.0"
    resolved "https://registry.npm.taobao.org/qjobs/download/qjobs-1.2.0.tgz#c45e9c61800bd087ef88d7e256423bdd49e5d071"
    integrity sha1-xF6cYYAL0IfviNfiVkI73Unl0HE=
  
  qs@6.7.0:
    version "6.7.0"
    resolved "https://registry.npm.taobao.org/qs/download/qs-6.7.0.tgz?cache=0&other_urls=https%3A%2F%2Fregistry.npm.taobao.org%2Fqs%2Fdownload%2Fqs-6.7.0.tgz#41dc1a015e3d581f1621776be31afb2876a9b1bc"
    integrity sha1-QdwaAV49WB8WIXdr4xr7KHapsbw=
  
  range-parser@^1.2.0:
    version "1.2.1"
    resolved "https://registry.npm.taobao.org/range-parser/download/range-parser-1.2.1.tgz#3cf37023d199e1c24d1a55b84800c2f3e6468031"
    integrity sha1-PPNwI9GZ4cJNGlW4SADC8+ZGgDE=
  
  raw-body@2.4.0:
    version "2.4.0"
    resolved "https://registry.npm.taobao.org/raw-body/download/raw-body-2.4.0.tgz#a1ce6fb9c9bc356ca52e89256ab59059e13d0332"
    integrity sha1-oc5vucm8NWylLoklarWQWeE9AzI=
    dependencies:
      bytes "3.1.0"
      http-errors "1.7.2"
      iconv-lite "0.4.24"
      unpipe "1.0.0"
  
  readdirp@~3.2.0:
    version "3.2.0"
    resolved "https://registry.npm.taobao.org/readdirp/download/readdirp-3.2.0.tgz?cache=0&sync_timestamp=1575629866543&other_urls=https%3A%2F%2Fregistry.npm.taobao.org%2Freaddirp%2Fdownload%2Freaddirp-3.2.0.tgz#c30c33352b12c96dfb4b895421a49fd5a9593839"
    integrity sha1-wwwzNSsSyW37S4lUIaSf1alZODk=
    dependencies:
      picomatch "^2.0.4"
  
  readdirp@~3.3.0:
    version "3.3.0"
    resolved "https://registry.npm.taobao.org/readdirp/download/readdirp-3.3.0.tgz#984458d13a1e42e2e9f5841b129e162f369aff17"
    integrity sha1-mERY0ToeQuLp9YQbEp4WLzaa/xc=
    dependencies:
      picomatch "^2.0.7"
  
  require-directory@^2.1.1:
    version "2.1.1"
    resolved "https://registry.npm.taobao.org/require-directory/download/require-directory-2.1.1.tgz#8c64ad5fd30dab1c976e2344ffe7f792a6a6df42"
    integrity sha1-jGStX9MNqxyXbiNE/+f3kqam30I=
  
  require-main-filename@^2.0.0:
    version "2.0.0"
    resolved "https://registry.npm.taobao.org/require-main-filename/download/require-main-filename-2.0.0.tgz#d0b329ecc7cc0f61649f62215be69af54aa8989b"
    integrity sha1-0LMp7MfMD2Fkn2IhW+aa9UqomJs=
  
  requires-port@^1.0.0:
    version "1.0.0"
    resolved "https://registry.npm.taobao.org/requires-port/download/requires-port-1.0.0.tgz#925d2601d39ac485e091cf0da5c6e694dc3dcaff"
    integrity sha1-kl0mAdOaxIXgkc8NpcbmlNw9yv8=
  
  rfdc@^1.1.4:
    version "1.1.4"
    resolved "https://registry.npm.taobao.org/rfdc/download/rfdc-1.1.4.tgz#ba72cc1367a0ccd9cf81a870b3b58bd3ad07f8c2"
    integrity sha1-unLME2egzNnPgahws7WL060H+MI=
  
  rimraf@^2.6.0:
    version "2.7.1"
    resolved "https://registry.npm.taobao.org/rimraf/download/rimraf-2.7.1.tgz#35797f13a7fdadc566142c29d4f07ccad483e3ec"
    integrity sha1-NXl/E6f9rcVmFCwp1PB8ytSD4+w=
    dependencies:
      glob "^7.1.3"
  
  safe-buffer@^5.0.1:
    version "5.2.0"
    resolved "https://registry.npm.taobao.org/safe-buffer/download/safe-buffer-5.2.0.tgz#b74daec49b1148f88c64b68d49b1e815c1f2f519"
    integrity sha1-t02uxJsRSPiMZLaNSbHoFcHy9Rk=
  
  safe-buffer@~5.1.0:
    version "5.1.2"
    resolved "https://registry.npm.taobao.org/safe-buffer/download/safe-buffer-5.1.2.tgz#991ec69d296e0313747d59bdfd2b745c35f8828d"
    integrity sha1-mR7GnSluAxN0fVm9/St0XDX4go0=
  
  "safer-buffer@>= 2.1.2 < 3":
    version "2.1.2"
    resolved "https://registry.npm.taobao.org/safer-buffer/download/safer-buffer-2.1.2.tgz#44fa161b0187b9549dd84bb91802f9bd8385cd6a"
    integrity sha1-RPoWGwGHuVSd2Eu5GAL5vYOFzWo=
  
  sass@^1.23.7:
    version "1.26.2"
    resolved "https://registry.npm.taobao.org/sass/download/sass-1.26.2.tgz#4e17c5c2394e2ee7ffd653ac1d862314a6a5767b"
    integrity sha1-ThfFwjlOLuf/1lOsHYYjFKaldns=
    dependencies:
      chokidar ">=2.0.0 <4.0.0"
  
  semver@^5.7.0:
    version "5.7.1"
    resolved "https://registry.npm.taobao.org/semver/download/semver-5.7.1.tgz?cache=0&sync_timestamp=1581458063470&other_urls=https%3A%2F%2Fregistry.npm.taobao.org%2Fsemver%2Fdownload%2Fsemver-5.7.1.tgz#a954f931aeba508d307bbf069eff0c01c96116f7"
    integrity sha1-qVT5Ma66UI0we78Gnv8MAclhFvc=
  
  set-blocking@^2.0.0:
    version "2.0.0"
    resolved "https://registry.npm.taobao.org/set-blocking/download/set-blocking-2.0.0.tgz#045f9782d011ae9a6803ddd382b24392b3d890f7"
    integrity sha1-BF+XgtARrppoA93TgrJDkrPYkPc=
  
  setprototypeof@1.1.1:
    version "1.1.1"
    resolved "https://registry.npm.taobao.org/setprototypeof/download/setprototypeof-1.1.1.tgz#7e95acb24aa92f5885e0abef5ba131330d4ae683"
    integrity sha1-fpWsskqpL1iF4KvvW6ExMw1K5oM=
  
  sinon-chai@^3.5.0:
    version "3.5.0"
    resolved "https://registry.npm.taobao.org/sinon-chai/download/sinon-chai-3.5.0.tgz#c9a78304b0e15befe57ef68e8a85a00553f5c60e"
    integrity sha1-yaeDBLDhW+/lfvaOioWgBVP1xg4=
  
  sinon@^9.0.0:
    version "9.0.0"
    resolved "https://registry.npm.taobao.org/sinon/download/sinon-9.0.0.tgz?cache=0&sync_timestamp=1582112549921&other_urls=https%3A%2F%2Fregistry.npm.taobao.org%2Fsinon%2Fdownload%2Fsinon-9.0.0.tgz#9f1ed502fa2e287e65220de08f6a44f33e314006"
    integrity sha1-nx7VAvouKH5lIg3gj2pE8z4xQAY=
    dependencies:
      "@sinonjs/commons" "^1.7.0"
      "@sinonjs/fake-timers" "^6.0.0"
      "@sinonjs/formatio" "^5.0.0"
      "@sinonjs/samsam" "^5.0.1"
      diff "^4.0.2"
      nise "^4.0.1"
      supports-color "^7.1.0"
  
  socket.io-adapter@~1.1.0:
    version "1.1.2"
    resolved "https://registry.npm.taobao.org/socket.io-adapter/download/socket.io-adapter-1.1.2.tgz#ab3f0d6f66b8fc7fca3959ab5991f82221789be9"
    integrity sha1-qz8Nb2a4/H/KOVmrWZH4IiF4m+k=
  
  socket.io-client@2.1.1:
    version "2.1.1"
    resolved "https://registry.npm.taobao.org/socket.io-client/download/socket.io-client-2.1.1.tgz#dcb38103436ab4578ddb026638ae2f21b623671f"
    integrity sha1-3LOBA0NqtFeN2wJmOK4vIbYjZx8=
    dependencies:
      backo2 "1.0.2"
      base64-arraybuffer "0.1.5"
      component-bind "1.0.0"
      component-emitter "1.2.1"
      debug "~3.1.0"
      engine.io-client "~3.2.0"
      has-binary2 "~1.0.2"
      has-cors "1.1.0"
      indexof "0.0.1"
      object-component "0.0.3"
      parseqs "0.0.5"
      parseuri "0.0.5"
      socket.io-parser "~3.2.0"
      to-array "0.1.4"
  
  socket.io-parser@~3.2.0:
    version "3.2.0"
    resolved "https://registry.npm.taobao.org/socket.io-parser/download/socket.io-parser-3.2.0.tgz#e7c6228b6aa1f814e6148aea325b51aa9499e077"
    integrity sha1-58Yii2qh+BTmFIrqMltRqpSZ4Hc=
    dependencies:
      component-emitter "1.2.1"
      debug "~3.1.0"
      isarray "2.0.1"
  
  socket.io@2.1.1:
    version "2.1.1"
    resolved "https://registry.npm.taobao.org/socket.io/download/socket.io-2.1.1.tgz#a069c5feabee3e6b214a75b40ce0652e1cfb9980"
    integrity sha1-oGnF/qvuPmshSnW0DOBlLhz7mYA=
    dependencies:
      debug "~3.1.0"
      engine.io "~3.2.0"
      has-binary2 "~1.0.2"
      socket.io-adapter "~1.1.0"
      socket.io-client "2.1.1"
      socket.io-parser "~3.2.0"
  
  source-map@^0.6.1, source-map@~0.6.1:
    version "0.6.1"
    resolved "https://registry.npm.taobao.org/source-map/download/source-map-0.6.1.tgz#74722af32e9614e9c287a8d0bbde48b5e2f1a263"
    integrity sha1-dHIq8y6WFOnCh6jQu95IteLxomM=
  
  sprintf-js@~1.0.2:
    version "1.0.3"
    resolved "https://registry.npm.taobao.org/sprintf-js/download/sprintf-js-1.0.3.tgz#04e6926f662895354f3dd015203633b857297e2c"
    integrity sha1-BOaSb2YolTVPPdAVIDYzuFcpfiw=
  
  "statuses@>= 1.5.0 < 2", statuses@~1.5.0:
    version "1.5.0"
    resolved "https://registry.npm.taobao.org/statuses/download/statuses-1.5.0.tgz#161c7dac177659fd9811f43771fa99381478628c"
    integrity sha1-Fhx9rBd2Wf2YEfQ3cfqZOBR4Yow=
  
  streamroller@^1.0.6:
    version "1.0.6"
    resolved "https://registry.npm.taobao.org/streamroller/download/streamroller-1.0.6.tgz#8167d8496ed9f19f05ee4b158d9611321b8cacd9"
    integrity sha1-gWfYSW7Z8Z8F7ksVjZYRMhuMrNk=
    dependencies:
      async "^2.6.2"
      date-format "^2.0.0"
      debug "^3.2.6"
      fs-extra "^7.0.1"
      lodash "^4.17.14"
  
  "string-width@^1.0.2 || 2":
    version "2.1.1"
    resolved "https://registry.npm.taobao.org/string-width/download/string-width-2.1.1.tgz#ab93f27a8dc13d28cac815c462143a6d9012ae9e"
    integrity sha1-q5Pyeo3BPSjKyBXEYhQ6bZASrp4=
    dependencies:
      is-fullwidth-code-point "^2.0.0"
      strip-ansi "^4.0.0"
  
  string-width@^3.0.0, string-width@^3.1.0:
    version "3.1.0"
    resolved "https://registry.npm.taobao.org/string-width/download/string-width-3.1.0.tgz#22767be21b62af1081574306f69ac51b62203961"
    integrity sha1-InZ74htirxCBV0MG9prFG2IgOWE=
    dependencies:
      emoji-regex "^7.0.1"
      is-fullwidth-code-point "^2.0.0"
      strip-ansi "^5.1.0"
  
  string.prototype.trimleft@^2.1.1:
    version "2.1.1"
    resolved "https://registry.npm.taobao.org/string.prototype.trimleft/download/string.prototype.trimleft-2.1.1.tgz?cache=0&sync_timestamp=1576706744979&other_urls=https%3A%2F%2Fregistry.npm.taobao.org%2Fstring.prototype.trimleft%2Fdownload%2Fstring.prototype.trimleft-2.1.1.tgz#9bdb8ac6abd6d602b17a4ed321870d2f8dcefc74"
    integrity sha1-m9uKxqvW1gKxek7TIYcNL43O/HQ=
    dependencies:
      define-properties "^1.1.3"
      function-bind "^1.1.1"
  
  string.prototype.trimright@^2.1.1:
    version "2.1.1"
    resolved "https://registry.npm.taobao.org/string.prototype.trimright/download/string.prototype.trimright-2.1.1.tgz?cache=0&sync_timestamp=1576706745939&other_urls=https%3A%2F%2Fregistry.npm.taobao.org%2Fstring.prototype.trimright%2Fdownload%2Fstring.prototype.trimright-2.1.1.tgz#440314b15996c866ce8a0341894d45186200c5d9"
    integrity sha1-RAMUsVmWyGbOigNBiU1FGGIAxdk=
    dependencies:
      define-properties "^1.1.3"
      function-bind "^1.1.1"
  
  strip-ansi@^4.0.0:
    version "4.0.0"
    resolved "https://registry.npm.taobao.org/strip-ansi/download/strip-ansi-4.0.0.tgz?cache=0&sync_timestamp=1573280518303&other_urls=https%3A%2F%2Fregistry.npm.taobao.org%2Fstrip-ansi%2Fdownload%2Fstrip-ansi-4.0.0.tgz#a8479022eb1ac368a871389b635262c505ee368f"
    integrity sha1-qEeQIusaw2iocTibY1JixQXuNo8=
    dependencies:
      ansi-regex "^3.0.0"
  
  strip-ansi@^5.0.0, strip-ansi@^5.1.0, strip-ansi@^5.2.0:
    version "5.2.0"
    resolved "https://registry.npm.taobao.org/strip-ansi/download/strip-ansi-5.2.0.tgz?cache=0&sync_timestamp=1573280518303&other_urls=https%3A%2F%2Fregistry.npm.taobao.org%2Fstrip-ansi%2Fdownload%2Fstrip-ansi-5.2.0.tgz#8c9a536feb6afc962bdfa5b104a5091c1ad9c0ae"
    integrity sha1-jJpTb+tq/JYr36WxBKUJHBrZwK4=
    dependencies:
      ansi-regex "^4.1.0"
  
  strip-json-comments@2.0.1:
    version "2.0.1"
    resolved "https://registry.npm.taobao.org/strip-json-comments/download/strip-json-comments-2.0.1.tgz#3c531942e908c2697c0ec344858c286c7ca0a60a"
    integrity sha1-PFMZQukIwml8DsNEhYwobHygpgo=
  
  supports-color@6.0.0:
    version "6.0.0"
    resolved "https://registry.npm.taobao.org/supports-color/download/supports-color-6.0.0.tgz#76cfe742cf1f41bb9b1c29ad03068c05b4c0e40a"
    integrity sha1-ds/nQs8fQbubHCmtAwaMBbTA5Ao=
    dependencies:
      has-flag "^3.0.0"
  
  supports-color@^5.3.0:
    version "5.5.0"
    resolved "https://registry.npm.taobao.org/supports-color/download/supports-color-5.5.0.tgz?cache=0&other_urls=https%3A%2F%2Fregistry.npm.taobao.org%2Fsupports-color%2Fdownload%2Fsupports-color-5.5.0.tgz#e2e69a44ac8772f78a1ec0b35b689df6530efc8f"
    integrity sha1-4uaaRKyHcveKHsCzW2id9lMO/I8=
    dependencies:
      has-flag "^3.0.0"
  
  supports-color@^6.1.0:
    version "6.1.0"
    resolved "https://registry.npm.taobao.org/supports-color/download/supports-color-6.1.0.tgz?cache=0&other_urls=https%3A%2F%2Fregistry.npm.taobao.org%2Fsupports-color%2Fdownload%2Fsupports-color-6.1.0.tgz#0764abc69c63d5ac842dd4867e8d025e880df8f3"
    integrity sha1-B2Srxpxj1ayELdSGfo0CXogN+PM=
    dependencies:
      has-flag "^3.0.0"
  
  supports-color@^7.1.0:
    version "7.1.0"
    resolved "https://registry.npm.taobao.org/supports-color/download/supports-color-7.1.0.tgz#68e32591df73e25ad1c4b49108a2ec507962bfd1"
    integrity sha1-aOMlkd9z4lrRxLSRCKLsUHliv9E=
    dependencies:
      has-flag "^4.0.0"
  
  tmp@0.0.33, tmp@0.0.x:
    version "0.0.33"
    resolved "https://registry.npm.taobao.org/tmp/download/tmp-0.0.33.tgz#6d34335889768d21b2bcda0aa277ced3b1bfadf9"
    integrity sha1-bTQzWIl2jSGyvNoKonfO07G/rfk=
    dependencies:
      os-tmpdir "~1.0.2"
  
  to-array@0.1.4:
    version "0.1.4"
    resolved "https://registry.npm.taobao.org/to-array/download/to-array-0.1.4.tgz#17e6c11f73dd4f3d74cda7a4ff3238e9ad9bf890"
    integrity sha1-F+bBH3PdTz10zaek/zI46a2b+JA=
  
  to-regex-range@^5.0.1:
    version "5.0.1"
    resolved "https://registry.npm.taobao.org/to-regex-range/download/to-regex-range-5.0.1.tgz#1648c44aae7c8d988a326018ed72f5b4dd0392e4"
    integrity sha1-FkjESq58jZiKMmAY7XL1tN0DkuQ=
    dependencies:
      is-number "^7.0.0"
  
  toidentifier@1.0.0:
    version "1.0.0"
    resolved "https://registry.npm.taobao.org/toidentifier/download/toidentifier-1.0.0.tgz#7e1be3470f1e77948bc43d94a3c8f4d7752ba553"
    integrity sha1-fhvjRw8ed5SLxD2Uo8j013UrpVM=
  
  type-detect@4.0.8, type-detect@^4.0.0, type-detect@^4.0.5, type-detect@^4.0.8:
    version "4.0.8"
    resolved "https://registry.npm.taobao.org/type-detect/download/type-detect-4.0.8.tgz#7646fb5f18871cfbb7749e69bd39a6388eb7450c"
    integrity sha1-dkb7XxiHHPu3dJ5pvTmmOI63RQw=
  
  type-is@~1.6.17:
    version "1.6.18"
    resolved "https://registry.npm.taobao.org/type-is/download/type-is-1.6.18.tgz#4e552cd05df09467dcbc4ef739de89f2cf37c131"
    integrity sha1-TlUs0F3wlGfcvE73Od6J8s83wTE=
    dependencies:
      media-typer "0.3.0"
      mime-types "~2.1.24"
  
  ultron@~1.1.0:
    version "1.1.1"
    resolved "https://registry.npm.taobao.org/ultron/download/ultron-1.1.1.tgz#9fe1536a10a664a65266a1e3ccf85fd36302bc9c"
    integrity sha1-n+FTahCmZKZSZqHjzPhf02MCvJw=
  
  uniq@^1.0.1:
    version "1.0.1"
    resolved "https://registry.npm.taobao.org/uniq/download/uniq-1.0.1.tgz#b31c5ae8254844a3a8281541ce2b04b865a734ff"
    integrity sha1-sxxa6CVIRKOoKBVBzisEuGWnNP8=
  
  universalify@^0.1.0:
    version "0.1.2"
    resolved "https://registry.npm.taobao.org/universalify/download/universalify-0.1.2.tgz#b646f69be3942dabcecc9d6639c80dc105efaa66"
    integrity sha1-tkb2m+OULavOzJ1mOcgNwQXvqmY=
  
  unpipe@1.0.0, unpipe@~1.0.0:
    version "1.0.0"
    resolved "https://registry.npm.taobao.org/unpipe/download/unpipe-1.0.0.tgz#b2bf4ee8514aae6165b4817829d21b2ef49904ec"
    integrity sha1-sr9O6FFKrmFltIF4KdIbLvSZBOw=
  
  useragent@2.3.0:
    version "2.3.0"
    resolved "https://registry.npm.taobao.org/useragent/download/useragent-2.3.0.tgz#217f943ad540cb2128658ab23fc960f6a88c9972"
    integrity sha1-IX+UOtVAyyEoZYqyP8lg9qiMmXI=
    dependencies:
      lru-cache "4.1.x"
      tmp "0.0.x"
  
  utils-merge@1.0.1:
    version "1.0.1"
    resolved "https://registry.npm.taobao.org/utils-merge/download/utils-merge-1.0.1.tgz#9f95710f50a267947b2ccc124741c1028427e713"
    integrity sha1-n5VxD1CiZ5R7LMwSR0HBAoQn5xM=
  
  void-elements@^2.0.0:
    version "2.0.1"
    resolved "https://registry.npm.taobao.org/void-elements/download/void-elements-2.0.1.tgz#c066afb582bb1cb4128d60ea92392e94d5e9dbec"
    integrity sha1-wGavtYK7HLQSjWDqkjkulNXp2+w=
  
  vue-hot-reload-api@^2.3.4:
    version "2.3.4"
    resolved "https://registry.npm.taobao.org/vue-hot-reload-api/download/vue-hot-reload-api-2.3.4.tgz?cache=0&other_urls=https%3A%2F%2Fregistry.npm.taobao.org%2Fvue-hot-reload-api%2Fdownload%2Fvue-hot-reload-api-2.3.4.tgz#532955cc1eb208a3d990b3a9f9a70574657e08f2"
    integrity sha1-UylVzB6yCKPZkLOp+acFdGV+CPI=
  
  vue-template-compiler@^2.6.10:
    version "2.6.11"
    resolved "https://registry.npm.taobao.org/vue-template-compiler/download/vue-template-compiler-2.6.11.tgz?cache=0&sync_timestamp=1576267127911&other_urls=https%3A%2F%2Fregistry.npm.taobao.org%2Fvue-template-compiler%2Fdownload%2Fvue-template-compiler-2.6.11.tgz#c04704ef8f498b153130018993e56309d4698080"
    integrity sha1-wEcE749JixUxMAGJk+VjCdRpgIA=
    dependencies:
      de-indent "^1.0.2"
      he "^1.1.0"
  
  vue-template-es2015-compiler@^1.9.0:
    version "1.9.1"
    resolved "https://registry.npm.taobao.org/vue-template-es2015-compiler/download/vue-template-es2015-compiler-1.9.1.tgz#1ee3bc9a16ecbf5118be334bb15f9c46f82f5825"
    integrity sha1-HuO8mhbsv1EYvjNLsV+cRvgvWCU=
  
  vue@latest:
    version "2.6.11"
    resolved "https://registry.npm.taobao.org/vue/download/vue-2.6.11.tgz#76594d877d4b12234406e84e35275c6d514125c5"
    integrity sha1-dllNh31LEiNEBuhONSdcbVFBJcU=
  
  which-module@^2.0.0:
    version "2.0.0"
    resolved "https://registry.npm.taobao.org/which-module/download/which-module-2.0.0.tgz#d9ef07dce77b9902b8a3a8fa4b31c3e3f7e6e87a"
    integrity sha1-2e8H3Od7mQK4o6j6SzHD4/fm6Ho=
  
  which@1.3.1, which@^1.2.1:
    version "1.3.1"
    resolved "https://registry.npm.taobao.org/which/download/which-1.3.1.tgz?cache=0&sync_timestamp=1574116720213&other_urls=https%3A%2F%2Fregistry.npm.taobao.org%2Fwhich%2Fdownload%2Fwhich-1.3.1.tgz#a45043d54f5805316da8d62f9f50918d3da70b0a"
    integrity sha1-pFBD1U9YBTFtqNYvn1CRjT2nCwo=
    dependencies:
      isexe "^2.0.0"
  
  wide-align@1.1.3:
    version "1.1.3"
    resolved "https://registry.npm.taobao.org/wide-align/download/wide-align-1.1.3.tgz#ae074e6bdc0c14a431e804e624549c633b000457"
    integrity sha1-rgdOa9wMFKQx6ATmJFScYzsABFc=
    dependencies:
      string-width "^1.0.2 || 2"
  
  wordwrap@~0.0.2:
    version "0.0.3"
    resolved "https://registry.npm.taobao.org/wordwrap/download/wordwrap-0.0.3.tgz#a3d5da6cd5c0bc0008d37234bbaf1bed63059107"
    integrity sha1-o9XabNXAvAAI03I0u68b7WMFkQc=
  
  wrap-ansi@^5.1.0:
    version "5.1.0"
    resolved "https://registry.npm.taobao.org/wrap-ansi/download/wrap-ansi-5.1.0.tgz#1fd1f67235d5b6d0fee781056001bfb694c03b09"
    integrity sha1-H9H2cjXVttD+54EFYAG/tpTAOwk=
    dependencies:
      ansi-styles "^3.2.0"
      string-width "^3.0.0"
      strip-ansi "^5.0.0"
  
  wrappy@1:
    version "1.0.2"
    resolved "https://registry.npm.taobao.org/wrappy/download/wrappy-1.0.2.tgz#b5243d8f3ec1aa35f1364605bc0d1036e30ab69f"
    integrity sha1-tSQ9jz7BqjXxNkYFvA0QNuMKtp8=
  
  ws@~3.3.1:
    version "3.3.3"
    resolved "https://registry.npm.taobao.org/ws/download/ws-3.3.3.tgz#f1cf84fe2d5e901ebce94efaece785f187a228f2"
    integrity sha1-8c+E/i1ekB686U767OeF8YeiKPI=
    dependencies:
      async-limiter "~1.0.0"
      safe-buffer "~5.1.0"
      ultron "~1.1.0"
  
  xmlhttprequest-ssl@~1.5.4:
    version "1.5.5"
    resolved "https://registry.npm.taobao.org/xmlhttprequest-ssl/download/xmlhttprequest-ssl-1.5.5.tgz#c2876b06168aadc40e57d97e81191ac8f4398b3e"
    integrity sha1-wodrBhaKrcQOV9l+gRkayPQ5iz4=
  
  y18n@^4.0.0:
    version "4.0.0"
    resolved "https://registry.npm.taobao.org/y18n/download/y18n-4.0.0.tgz#95ef94f85ecc81d007c264e190a120f0a3c8566b"
    integrity sha1-le+U+F7MgdAHwmThkKEg8KPIVms=
  
  yallist@^2.1.2:
    version "2.1.2"
    resolved "https://registry.npm.taobao.org/yallist/download/yallist-2.1.2.tgz#1c11f9218f076089a47dd512f93c6699a6a81d52"
    integrity sha1-HBH5IY8HYImkfdUS+TxmmaaoHVI=
  
  yargs-parser@13.1.1, yargs-parser@^13.1.1:
    version "13.1.1"
    resolved "https://registry.npm.taobao.org/yargs-parser/download/yargs-parser-13.1.1.tgz?cache=0&sync_timestamp=1583130314354&other_urls=https%3A%2F%2Fregistry.npm.taobao.org%2Fyargs-parser%2Fdownload%2Fyargs-parser-13.1.1.tgz#d26058532aa06d365fe091f6a1fc06b2f7e5eca0"
    integrity sha1-0mBYUyqgbTZf4JH2ofwGsvfl7KA=
    dependencies:
      camelcase "^5.0.0"
      decamelize "^1.2.0"
  
  yargs-unparser@1.6.0:
    version "1.6.0"
    resolved "https://registry.npm.taobao.org/yargs-unparser/download/yargs-unparser-1.6.0.tgz#ef25c2c769ff6bd09e4b0f9d7c605fb27846ea9f"
    integrity sha1-7yXCx2n/a9CeSw+dfGBfsnhG6p8=
    dependencies:
      flat "^4.1.0"
      lodash "^4.17.15"
      yargs "^13.3.0"
  
  yargs@13.3.0, yargs@^13.3.0:
    version "13.3.0"
    resolved "https://registry.npm.taobao.org/yargs/download/yargs-13.3.0.tgz?cache=0&sync_timestamp=1583129847322&other_urls=https%3A%2F%2Fregistry.npm.taobao.org%2Fyargs%2Fdownload%2Fyargs-13.3.0.tgz#4c657a55e07e5f2cf947f8a366567c04a0dedc83"
    integrity sha1-TGV6VeB+Xyz5R/ijZlZ8BKDe3IM=
    dependencies:
      cliui "^5.0.0"
      find-up "^3.0.0"
      get-caller-file "^2.0.1"
      require-directory "^2.1.1"
      require-main-filename "^2.0.0"
      set-blocking "^2.0.0"
      string-width "^3.0.0"
      which-module "^2.0.0"
      y18n "^4.0.0"
      yargs-parser "^13.1.1"
  
  yeast@0.1.2:
    version "0.1.2"
    resolved "https://registry.npm.taobao.org/yeast/download/yeast-0.1.2.tgz#008e06d8094320c372dbc2f8ed76a0ca6c8ac419"
    integrity sha1-AI4G2AlDIMNy28L47XagymyKxBk=
